2016-07-08 00:01:30.728 | INFO  | main       | .ncpimpl.IssueThread:83    | over the server time ....next issue ..160708001
2016-07-08 00:03:31.384 | INFO  | main       | .ncpimpl.IssueThread:83    | over the server time ....next issue ..160708001
2016-07-08 00:05:31.419 | INFO  | main       | .ncpimpl.IssueThread:83    | over the server time ....next issue ..160708001
2016-07-08 00:07:31.458 | INFO  | main       | .ncpimpl.IssueThread:83    | over the server time ....next issue ..160708001
2016-07-08 00:09:31.494 | INFO  | main       | .ncpimpl.IssueThread:83    | over the server time ....next issue ..160708001
2016-07-08 00:11:31.533 | INFO  | main       | .ncpimpl.IssueThread:83    | over the server time ....next issue ..160708001
2016-07-08 00:13:31.576 | INFO  | main       | .ncpimpl.IssueThread:83    | over the server time ....next issue ..160708001
2016-07-08 00:15:31.613 | INFO  | main       | .ncpimpl.IssueThread:83    | over the server time ....next issue ..160708001
2016-07-08 00:17:31.635 | INFO  | main       | .ncpimpl.IssueThread:83    | over the server time ....next issue ..160708001
2016-07-08 00:19:31.653 | INFO  | main       | .ncpimpl.IssueThread:83    | over the server time ....next issue ..160708001
2016-07-08 00:21:31.673 | INFO  | main       | .ncpimpl.IssueThread:83    | over the server time ....next issue ..160708001
2016-07-08 00:23:31.710 | INFO  | main       | .ncpimpl.IssueThread:83    | over the server time ....next issue ..160708001
2016-07-08 00:25:31.780 | INFO  | main       | .ncpimpl.IssueThread:83    | over the server time ....next issue ..160708001
2016-07-08 00:27:31.841 | INFO  | main       | .ncpimpl.IssueThread:83    | over the server time ....next issue ..160708001
2016-07-08 00:29:31.883 | INFO  | main       | .ncpimpl.IssueThread:83    | over the server time ....next issue ..160708001
2016-07-08 00:31:31.920 | INFO  | main       | .ncpimpl.IssueThread:83    | over the server time ....next issue ..160708001
2016-07-08 00:33:31.964 | INFO  | main       | .ncpimpl.IssueThread:83    | over the server time ....next issue ..160708001
2016-07-08 00:35:32.034 | INFO  | main       | .ncpimpl.IssueThread:83    | over the server time ....next issue ..160708001
2016-07-08 00:37:32.071 | INFO  | main       | .ncpimpl.IssueThread:83    | over the server time ....next issue ..160708001
2016-07-08 00:39:32.108 | INFO  | main       | .ncpimpl.IssueThread:83    | over the server time ....next issue ..160708001
2016-07-08 00:41:32.130 | INFO  | main       | .ncpimpl.IssueThread:83    | over the server time ....next issue ..160708001
2016-07-08 00:43:32.192 | INFO  | main       | .ncpimpl.IssueThread:83    | over the server time ....next issue ..160708001
2016-07-08 00:45:32.228 | INFO  | main       | .ncpimpl.IssueThread:83    | over the server time ....next issue ..160708001
2016-07-08 00:47:32.240 | INFO  | main       | .ncpimpl.IssueThread:83    | over the server time ....next issue ..160708001
2016-07-08 00:49:32.286 | INFO  | main       | .ncpimpl.IssueThread:83    | over the server time ....next issue ..160708001
2016-07-08 00:51:32.338 | INFO  | main       | .ncpimpl.IssueThread:83    | over the server time ....next issue ..160708001
2016-07-08 00:53:32.350 | INFO  | main       | .ncpimpl.IssueThread:83    | over the server time ....next issue ..160708001
2016-07-08 00:55:32.387 | INFO  | main       | .ncpimpl.IssueThread:83    | over the server time ....next issue ..160708001
2016-07-08 00:57:32.416 | INFO  | main       | .ncpimpl.IssueThread:83    | over the server time ....next issue ..160708001
2016-07-08 00:59:32.470 | INFO  | main       | .ncpimpl.IssueThread:83    | over the server time ....next issue ..160708001
2016-07-08 01:01:32.489 | INFO  | main       | .ncpimpl.IssueThread:83    | over the server time ....next issue ..160708001
2016-07-08 01:03:32.533 | INFO  | main       | .ncpimpl.IssueThread:83    | over the server time ....next issue ..160708001
2016-07-08 01:05:32.535 | INFO  | main       | .ncpimpl.IssueThread:83    | over the server time ....next issue ..160708001
2016-07-08 01:07:32.592 | INFO  | main       | .ncpimpl.IssueThread:83    | over the server time ....next issue ..160708001
2016-07-08 01:09:32.627 | INFO  | main       | .ncpimpl.IssueThread:83    | over the server time ....next issue ..160708001
2016-07-08 01:11:32.640 | INFO  | main       | .ncpimpl.IssueThread:83    | over the server time ....next issue ..160708001
2016-07-08 01:13:32.651 | INFO  | main       | .ncpimpl.IssueThread:83    | over the server time ....next issue ..160708001
2016-07-08 01:15:32.688 | INFO  | main       | .ncpimpl.IssueThread:83    | over the server time ....next issue ..160708001
2016-07-08 01:17:32.703 | INFO  | main       | .ncpimpl.IssueThread:83    | over the server time ....next issue ..160708001
2016-07-08 01:19:32.745 | INFO  | main       | .ncpimpl.IssueThread:83    | over the server time ....next issue ..160708001
2016-07-08 01:21:32.789 | INFO  | main       | .ncpimpl.IssueThread:83    | over the server time ....next issue ..160708001
2016-07-08 01:23:32.811 | INFO  | main       | .ncpimpl.IssueThread:83    | over the server time ....next issue ..160708001
2016-07-08 01:25:32.848 | INFO  | main       | .ncpimpl.IssueThread:83    | over the server time ....next issue ..160708001
2016-07-08 01:27:32.895 | INFO  | main       | .ncpimpl.IssueThread:83    | over the server time ....next issue ..160708001
2016-07-08 01:29:32.939 | INFO  | main       | .ncpimpl.IssueThread:83    | over the server time ....next issue ..160708001
2016-07-08 01:31:32.975 | INFO  | main       | .ncpimpl.IssueThread:83    | over the server time ....next issue ..160708001
2016-07-08 01:33:32.978 | INFO  | main       | .ncpimpl.IssueThread:83    | over the server time ....next issue ..160708001
2016-07-08 01:35:32.979 | INFO  | main       | .ncpimpl.IssueThread:83    | over the server time ....next issue ..160708001
2016-07-08 01:37:33.027 | INFO  | main       | .ncpimpl.IssueThread:83    | over the server time ....next issue ..160708001
2016-07-08 01:39:33.081 | INFO  | main       | .ncpimpl.IssueThread:83    | over the server time ....next issue ..160708001
2016-07-08 01:41:33.160 | INFO  | main       | .ncpimpl.IssueThread:83    | over the server time ....next issue ..160708001
2016-07-08 01:43:33.197 | INFO  | main       | .ncpimpl.IssueThread:83    | over the server time ....next issue ..160708001
2016-07-08 01:45:33.237 | INFO  | main       | .ncpimpl.IssueThread:83    | over the server time ....next issue ..160708001
2016-07-08 01:47:33.254 | INFO  | main       | .ncpimpl.IssueThread:83    | over the server time ....next issue ..160708001
2016-07-08 01:49:33.265 | INFO  | main       | .ncpimpl.IssueThread:83    | over the server time ....next issue ..160708001
2016-07-08 01:51:33.302 | INFO  | main       | .ncpimpl.IssueThread:83    | over the server time ....next issue ..160708001
2016-07-08 01:53:33.339 | INFO  | main       | .ncpimpl.IssueThread:83    | over the server time ....next issue ..160708001
2016-07-08 01:55:33.341 | INFO  | main       | .ncpimpl.IssueThread:83    | over the server time ....next issue ..160708001
2016-07-08 01:57:33.378 | INFO  | main       | .ncpimpl.IssueThread:83    | over the server time ....next issue ..160708001
2016-07-08 01:59:33.417 | INFO  | main       | .ncpimpl.IssueThread:83    | over the server time ....next issue ..160708001
2016-07-08 02:01:33.454 | INFO  | main       | .ncpimpl.IssueThread:83    | over the server time ....next issue ..160708001
2016-07-08 02:03:33.507 | INFO  | main       | .ncpimpl.IssueThread:83    | over the server time ....next issue ..160708001
2016-07-08 02:05:33.544 | INFO  | main       | .ncpimpl.IssueThread:83    | over the server time ....next issue ..160708001
2016-07-08 02:07:33.597 | INFO  | main       | .ncpimpl.IssueThread:83    | over the server time ....next issue ..160708001
2016-07-08 02:09:33.642 | INFO  | main       | .ncpimpl.IssueThread:83    | over the server time ....next issue ..160708001
2016-07-08 02:11:33.682 | INFO  | main       | .ncpimpl.IssueThread:83    | over the server time ....next issue ..160708001
2016-07-08 02:13:33.728 | INFO  | main       | .ncpimpl.IssueThread:83    | over the server time ....next issue ..160708001
2016-07-08 02:15:33.764 | INFO  | main       | .ncpimpl.IssueThread:83    | over the server time ....next issue ..160708001
2016-07-08 02:17:33.800 | INFO  | main       | .ncpimpl.IssueThread:83    | over the server time ....next issue ..160708001
2016-07-08 02:19:33.812 | INFO  | main       | .ncpimpl.IssueThread:83    | over the server time ....next issue ..160708001
2016-07-08 02:21:33.824 | INFO  | main       | .ncpimpl.IssueThread:83    | over the server time ....next issue ..160708001
2016-07-08 02:23:33.825 | INFO  | main       | .ncpimpl.IssueThread:83    | over the server time ....next issue ..160708001
2016-07-08 02:25:33.864 | INFO  | main       | .ncpimpl.IssueThread:83    | over the server time ....next issue ..160708001
2016-07-08 02:27:33.893 | INFO  | main       | .ncpimpl.IssueThread:83    | over the server time ....next issue ..160708001
2016-07-08 02:29:33.946 | INFO  | main       | .ncpimpl.IssueThread:83    | over the server time ....next issue ..160708001
2016-07-08 02:31:33.984 | INFO  | main       | .ncpimpl.IssueThread:83    | over the server time ....next issue ..160708001
2016-07-08 02:33:34.053 | INFO  | main       | .ncpimpl.IssueThread:83    | over the server time ....next issue ..160708001
2016-07-08 02:35:34.065 | INFO  | main       | .ncpimpl.IssueThread:83    | over the server time ....next issue ..160708001
2016-07-08 02:37:34.110 | INFO  | main       | .ncpimpl.IssueThread:83    | over the server time ....next issue ..160708001
2016-07-08 02:39:34.157 | INFO  | main       | .ncpimpl.IssueThread:83    | over the server time ....next issue ..160708001
2016-07-08 02:41:34.192 | INFO  | main       | .ncpimpl.IssueThread:83    | over the server time ....next issue ..160708001
2016-07-08 02:43:34.271 | INFO  | main       | .ncpimpl.IssueThread:83    | over the server time ....next issue ..160708001
2016-07-08 02:45:34.307 | INFO  | main       | .ncpimpl.IssueThread:83    | over the server time ....next issue ..160708001
2016-07-08 02:47:34.343 | INFO  | main       | .ncpimpl.IssueThread:83    | over the server time ....next issue ..160708001
2016-07-08 02:49:34.364 | INFO  | main       | .ncpimpl.IssueThread:83    | over the server time ....next issue ..160708001
2016-07-08 02:51:34.376 | INFO  | main       | .ncpimpl.IssueThread:83    | over the server time ....next issue ..160708001
2016-07-08 02:53:34.413 | INFO  | main       | .ncpimpl.IssueThread:83    | over the server time ....next issue ..160708001
2016-07-08 02:55:34.433 | INFO  | main       | .ncpimpl.IssueThread:83    | over the server time ....next issue ..160708001
2016-07-08 02:57:34.435 | INFO  | main       | .ncpimpl.IssueThread:83    | over the server time ....next issue ..160708001
2016-07-08 02:59:34.450 | INFO  | main       | .ncpimpl.IssueThread:83    | over the server time ....next issue ..160708001
2016-07-08 03:01:34.469 | INFO  | main       | .ncpimpl.IssueThread:83    | over the server time ....next issue ..160708001
2016-07-08 03:03:34.491 | INFO  | main       | .ncpimpl.IssueThread:83    | over the server time ....next issue ..160708001
2016-07-08 03:05:34.503 | INFO  | main       | .ncpimpl.IssueThread:83    | over the server time ....next issue ..160708001
2016-07-08 03:07:34.523 | INFO  | main       | .ncpimpl.IssueThread:83    | over the server time ....next issue ..160708001
2016-07-08 03:09:34.552 | INFO  | main       | .ncpimpl.IssueThread:83    | over the server time ....next issue ..160708001
2016-07-08 03:11:34.564 | INFO  | main       | .ncpimpl.IssueThread:83    | over the server time ....next issue ..160708001
2016-07-08 03:13:34.592 | INFO  | main       | .ncpimpl.IssueThread:83    | over the server time ....next issue ..160708001
2016-07-08 03:15:34.637 | INFO  | main       | .ncpimpl.IssueThread:83    | over the server time ....next issue ..160708001
2016-07-08 03:17:34.695 | INFO  | main       | .ncpimpl.IssueThread:83    | over the server time ....next issue ..160708001
2016-07-08 03:19:34.735 | INFO  | main       | .ncpimpl.IssueThread:83    | over the server time ....next issue ..160708001
2016-07-08 03:21:34.772 | INFO  | main       | .ncpimpl.IssueThread:83    | over the server time ....next issue ..160708001
2016-07-08 03:23:34.826 | INFO  | main       | .ncpimpl.IssueThread:83    | over the server time ....next issue ..160708001
2016-07-08 03:25:34.871 | INFO  | main       | .ncpimpl.IssueThread:83    | over the server time ....next issue ..160708001
2016-07-08 03:27:34.908 | INFO  | main       | .ncpimpl.IssueThread:83    | over the server time ....next issue ..160708001
2016-07-08 03:29:34.919 | INFO  | main       | .ncpimpl.IssueThread:83    | over the server time ....next issue ..160708001
2016-07-08 03:31:34.941 | INFO  | main       | .ncpimpl.IssueThread:83    | over the server time ....next issue ..160708001
2016-07-08 03:33:34.954 | INFO  | main       | .ncpimpl.IssueThread:83    | over the server time ....next issue ..160708001
2016-07-08 03:35:34.993 | INFO  | main       | .ncpimpl.IssueThread:83    | over the server time ....next issue ..160708001
2016-07-08 03:37:35.029 | INFO  | main       | .ncpimpl.IssueThread:83    | over the server time ....next issue ..160708001
2016-07-08 03:39:35.066 | INFO  | main       | .ncpimpl.IssueThread:83    | over the server time ....next issue ..160708001
2016-07-08 03:41:35.103 | INFO  | main       | .ncpimpl.IssueThread:83    | over the server time ....next issue ..160708001
2016-07-08 03:43:35.140 | INFO  | main       | .ncpimpl.IssueThread:83    | over the server time ....next issue ..160708001
2016-07-08 03:45:35.177 | INFO  | main       | .ncpimpl.IssueThread:83    | over the server time ....next issue ..160708001
2016-07-08 03:47:35.213 | INFO  | main       | .ncpimpl.IssueThread:83    | over the server time ....next issue ..160708001
2016-07-08 03:49:35.258 | INFO  | main       | .ncpimpl.IssueThread:83    | over the server time ....next issue ..160708001
2016-07-08 03:51:35.295 | INFO  | main       | .ncpimpl.IssueThread:83    | over the server time ....next issue ..160708001
2016-07-08 03:53:35.297 | INFO  | main       | .ncpimpl.IssueThread:83    | over the server time ....next issue ..160708001
2016-07-08 03:55:35.334 | INFO  | main       | .ncpimpl.IssueThread:83    | over the server time ....next issue ..160708001
2016-07-08 03:57:35.412 | INFO  | main       | .ncpimpl.IssueThread:83    | over the server time ....next issue ..160708001
2016-07-08 03:59:35.449 | INFO  | main       | .ncpimpl.IssueThread:83    | over the server time ....next issue ..160708001
2016-07-08 04:01:35.485 | INFO  | main       | .ncpimpl.IssueThread:83    | over the server time ....next issue ..160708001
2016-07-08 04:03:35.522 | INFO  | main       | .ncpimpl.IssueThread:83    | over the server time ....next issue ..160708001
2016-07-08 04:05:35.567 | INFO  | main       | .ncpimpl.IssueThread:83    | over the server time ....next issue ..160708001
2016-07-08 04:07:35.579 | INFO  | main       | .ncpimpl.IssueThread:83    | over the server time ....next issue ..160708001
2016-07-08 04:09:35.616 | INFO  | main       | .ncpimpl.IssueThread:83    | over the server time ....next issue ..160708001
2016-07-08 04:11:35.653 | INFO  | main       | .ncpimpl.IssueThread:83    | over the server time ....next issue ..160708001
2016-07-08 04:13:35.655 | INFO  | main       | .ncpimpl.IssueThread:83    | over the server time ....next issue ..160708001
2016-07-08 04:15:35.658 | INFO  | main       | .ncpimpl.IssueThread:83    | over the server time ....next issue ..160708001
2016-07-08 04:17:35.665 | INFO  | main       | .ncpimpl.IssueThread:83    | over the server time ....next issue ..160708001
2016-07-08 04:19:35.667 | INFO  | main       | .ncpimpl.IssueThread:83    | over the server time ....next issue ..160708001
2016-07-08 04:21:35.669 | INFO  | main       | .ncpimpl.IssueThread:83    | over the server time ....next issue ..160708001
2016-07-08 04:23:35.670 | INFO  | main       | .ncpimpl.IssueThread:83    | over the server time ....next issue ..160708001
2016-07-08 04:25:35.673 | INFO  | main       | .ncpimpl.IssueThread:83    | over the server time ....next issue ..160708001
2016-07-08 04:27:35.675 | INFO  | main       | .ncpimpl.IssueThread:83    | over the server time ....next issue ..160708001
2016-07-08 04:29:35.676 | INFO  | main       | .ncpimpl.IssueThread:83    | over the server time ....next issue ..160708001
2016-07-08 04:31:35.677 | INFO  | main       | .ncpimpl.IssueThread:83    | over the server time ....next issue ..160708001
2016-07-08 04:33:35.678 | INFO  | main       | .ncpimpl.IssueThread:83    | over the server time ....next issue ..160708001
2016-07-08 04:35:35.679 | INFO  | main       | .ncpimpl.IssueThread:83    | over the server time ....next issue ..160708001
2016-07-08 04:37:35.681 | INFO  | main       | .ncpimpl.IssueThread:83    | over the server time ....next issue ..160708001
2016-07-08 04:39:35.684 | INFO  | main       | .ncpimpl.IssueThread:83    | over the server time ....next issue ..160708001
2016-07-08 04:41:35.686 | INFO  | main       | .ncpimpl.IssueThread:83    | over the server time ....next issue ..160708001
2016-07-08 04:43:35.687 | INFO  | main       | .ncpimpl.IssueThread:83    | over the server time ....next issue ..160708001
2016-07-08 04:45:35.688 | INFO  | main       | .ncpimpl.IssueThread:83    | over the server time ....next issue ..160708001
2016-07-08 04:47:35.692 | INFO  | main       | .ncpimpl.IssueThread:83    | over the server time ....next issue ..160708001
2016-07-08 04:49:35.693 | INFO  | main       | .ncpimpl.IssueThread:83    | over the server time ....next issue ..160708001
2016-07-08 04:51:35.694 | INFO  | main       | .ncpimpl.IssueThread:83    | over the server time ....next issue ..160708001
2016-07-08 04:53:35.697 | INFO  | main       | .ncpimpl.IssueThread:83    | over the server time ....next issue ..160708001
2016-07-08 04:55:35.700 | INFO  | main       | .ncpimpl.IssueThread:83    | over the server time ....next issue ..160708001
2016-07-08 04:57:35.703 | INFO  | main       | .ncpimpl.IssueThread:83    | over the server time ....next issue ..160708001
2016-07-08 04:59:35.704 | INFO  | main       | .ncpimpl.IssueThread:83    | over the server time ....next issue ..160708001
2016-07-08 05:01:35.704 | INFO  | main       | .ncpimpl.IssueThread:83    | over the server time ....next issue ..160708001
2016-07-08 05:03:35.705 | INFO  | main       | .ncpimpl.IssueThread:83    | over the server time ....next issue ..160708001
2016-07-08 05:05:35.709 | INFO  | main       | .ncpimpl.IssueThread:83    | over the server time ....next issue ..160708001
2016-07-08 05:07:35.712 | INFO  | main       | .ncpimpl.IssueThread:83    | over the server time ....next issue ..160708001
2016-07-08 05:09:35.713 | INFO  | main       | .ncpimpl.IssueThread:83    | over the server time ....next issue ..160708001
2016-07-08 05:11:35.714 | INFO  | main       | .ncpimpl.IssueThread:83    | over the server time ....next issue ..160708001
2016-07-08 05:13:35.717 | INFO  | main       | .ncpimpl.IssueThread:83    | over the server time ....next issue ..160708001
2016-07-08 05:15:35.719 | INFO  | main       | .ncpimpl.IssueThread:83    | over the server time ....next issue ..160708001
2016-07-08 05:17:35.723 | INFO  | main       | .ncpimpl.IssueThread:83    | over the server time ....next issue ..160708001
2016-07-08 05:19:35.728 | INFO  | main       | .ncpimpl.IssueThread:83    | over the server time ....next issue ..160708001
2016-07-08 05:21:35.730 | INFO  | main       | .ncpimpl.IssueThread:83    | over the server time ....next issue ..160708001
2016-07-08 05:23:35.731 | INFO  | main       | .ncpimpl.IssueThread:83    | over the server time ....next issue ..160708001
2016-07-08 05:25:35.732 | INFO  | main       | .ncpimpl.IssueThread:83    | over the server time ....next issue ..160708001
2016-07-08 05:27:35.734 | INFO  | main       | .ncpimpl.IssueThread:83    | over the server time ....next issue ..160708001
2016-07-08 05:29:35.734 | INFO  | main       | .ncpimpl.IssueThread:83    | over the server time ....next issue ..160708001
2016-07-08 05:31:35.736 | INFO  | main       | .ncpimpl.IssueThread:83    | over the server time ....next issue ..160708001
2016-07-08 05:33:35.741 | INFO  | main       | .ncpimpl.IssueThread:83    | over the server time ....next issue ..160708001
2016-07-08 05:35:35.745 | INFO  | main       | .ncpimpl.IssueThread:83    | over the server time ....next issue ..160708001
2016-07-08 05:37:35.747 | INFO  | main       | .ncpimpl.IssueThread:83    | over the server time ....next issue ..160708001
2016-07-08 05:39:35.748 | INFO  | main       | .ncpimpl.IssueThread:83    | over the server time ....next issue ..160708001
2016-07-08 05:41:35.749 | INFO  | main       | .ncpimpl.IssueThread:83    | over the server time ....next issue ..160708001
2016-07-08 05:43:35.750 | INFO  | main       | .ncpimpl.IssueThread:83    | over the server time ....next issue ..160708001
2016-07-08 05:45:35.752 | INFO  | main       | .ncpimpl.IssueThread:83    | over the server time ....next issue ..160708001
2016-07-08 05:47:35.755 | INFO  | main       | .ncpimpl.IssueThread:83    | over the server time ....next issue ..160708001
2016-07-08 07:54:30.552 | INFO  | main       | .ncpimpl.IssueThread:83    | over the server time ....next issue ..160708001
2016-07-08 07:56:30.553 | INFO  | main       | .ncpimpl.IssueThread:83    | over the server time ....next issue ..160708001
2016-07-08 07:58:30.554 | INFO  | main       | .ncpimpl.IssueThread:83    | over the server time ....next issue ..160708001
2016-07-08 08:00:30.556 | INFO  | main       | .ncpimpl.IssueThread:83    | over the server time ....next issue ..160708001
2016-07-08 08:01:30.706 | INFO  | main       | .ncpimpl.IssueThread:96    | get ncp curr issue info success... curr issue :160708001
2016-07-08 08:01:30.729 | INFO  | main       | pl.FaceBookImplement:157   | facebook post feed begin ... 
2016-07-08 08:01:35.822 | INFO  | main       | pl.FaceBookImplement:173   | facebook post feed id (1603887806588551_1617305011913497) ,message is: Lucky 5, issue no. 160708001 ,winning number is:11,5,1,3,8,url = http://kpwlottery.com/index.php/km?issue=160708001&wincode=11,5,1,3,8
2016-07-08 08:01:35.823 | INFO  | main       | .ncpimpl.IssueThread:111   | post curr issue info success ... curr issue :160708001
2016-07-08 08:01:35.823 | INFO  | main       | .ncpimpl.IssueThread:126   | System change curr issue to :160708002
2016-07-08 08:01:35.823 | INFO  | main       | .config.SysParameter:86    | System begin to save key:ncp.startissue
2016-07-08 08:01:35.962 | INFO  | main       | .config.SysParameter:100   | Save Issue Successful. value=160708002
2016-07-08 08:03:36.014 | INFO  | main       | .ncpimpl.IssueThread:102   | not get the issue info ......waiting for next time .160708002
2016-07-08 08:05:36.048 | INFO  | main       | .ncpimpl.IssueThread:102   | not get the issue info ......waiting for next time .160708002
2016-07-08 08:07:36.096 | INFO  | main       | .ncpimpl.IssueThread:102   | not get the issue info ......waiting for next time .160708002
2016-07-08 08:09:36.144 | INFO  | main       | .ncpimpl.IssueThread:102   | not get the issue info ......waiting for next time .160708002
2016-07-08 08:11:36.207 | INFO  | main       | .ncpimpl.IssueThread:102   | not get the issue info ......waiting for next time .160708002
2016-07-08 08:13:36.250 | INFO  | main       | .ncpimpl.IssueThread:102   | not get the issue info ......waiting for next time .160708002
2016-07-08 08:15:36.301 | INFO  | main       | .ncpimpl.IssueThread:102   | not get the issue info ......waiting for next time .160708002
2016-07-08 08:17:36.371 | INFO  | main       | .ncpimpl.IssueThread:102   | not get the issue info ......waiting for next time .160708002
2016-07-08 08:19:36.424 | INFO  | main       | .ncpimpl.IssueThread:102   | not get the issue info ......waiting for next time .160708002
2016-07-08 08:21:36.535 | INFO  | main       | .ncpimpl.IssueThread:102   | not get the issue info ......waiting for next time .160708002
2016-07-08 08:23:36.583 | INFO  | main       | .ncpimpl.IssueThread:102   | not get the issue info ......waiting for next time .160708002
2016-07-08 08:25:36.638 | INFO  | main       | .ncpimpl.IssueThread:102   | not get the issue info ......waiting for next time .160708002
2016-07-08 08:27:36.722 | INFO  | main       | .ncpimpl.IssueThread:102   | not get the issue info ......waiting for next time .160708002
2016-07-08 08:29:36.852 | INFO  | main       | .ncpimpl.IssueThread:102   | not get the issue info ......waiting for next time .160708002
2016-07-08 08:31:36.925 | INFO  | main       | .ncpimpl.IssueThread:102   | not get the issue info ......waiting for next time .160708002
2016-07-08 08:33:36.998 | INFO  | main       | .ncpimpl.IssueThread:102   | not get the issue info ......waiting for next time .160708002
2016-07-08 08:35:37.045 | INFO  | main       | .ncpimpl.IssueThread:102   | not get the issue info ......waiting for next time .160708002
2016-07-08 08:37:37.121 | INFO  | main       | .ncpimpl.IssueThread:102   | not get the issue info ......waiting for next time .160708002
2016-07-08 08:39:37.194 | INFO  | main       | .ncpimpl.IssueThread:102   | not get the issue info ......waiting for next time .160708002
2016-07-08 08:41:37.352 | INFO  | main       | .ncpimpl.IssueThread:102   | not get the issue info ......waiting for next time .160708002
2016-07-08 08:43:37.435 | INFO  | main       | .ncpimpl.IssueThread:102   | not get the issue info ......waiting for next time .160708002
2016-07-08 08:45:37.505 | INFO  | main       | .ncpimpl.IssueThread:102   | not get the issue info ......waiting for next time .160708002
2016-07-08 08:47:37.589 | INFO  | main       | .ncpimpl.IssueThread:102   | not get the issue info ......waiting for next time .160708002
2016-07-08 08:49:37.682 | INFO  | main       | .ncpimpl.IssueThread:102   | not get the issue info ......waiting for next time .160708002
2016-07-08 08:51:37.748 | INFO  | main       | .ncpimpl.IssueThread:102   | not get the issue info ......waiting for next time .160708002
2016-07-08 08:53:37.807 | INFO  | main       | .ncpimpl.IssueThread:102   | not get the issue info ......waiting for next time .160708002
2016-07-08 08:55:37.883 | INFO  | main       | .ncpimpl.IssueThread:102   | not get the issue info ......waiting for next time .160708002
2016-07-08 08:57:37.932 | INFO  | main       | .ncpimpl.IssueThread:102   | not get the issue info ......waiting for next time .160708002
2016-07-08 08:59:38.005 | INFO  | main       | .ncpimpl.IssueThread:102   | not get the issue info ......waiting for next time .160708002
2016-07-08 09:00:38.103 | INFO  | main       | .ncpimpl.IssueThread:96    | get ncp curr issue info success... curr issue :160708002
2016-07-08 09:00:38.104 | INFO  | main       | pl.FaceBookImplement:157   | facebook post feed begin ... 
2016-07-08 09:00:41.314 | INFO  | main       | pl.FaceBookImplement:173   | facebook post feed id (1603887806588551_1617318345245497) ,message is: Lucky 5, issue no. 160708002 ,winning number is:5,2,4,3,11,url = http://kpwlottery.com/index.php/km?issue=160708002&wincode=5,2,4,3,11
2016-07-08 09:00:41.314 | INFO  | main       | .ncpimpl.IssueThread:111   | post curr issue info success ... curr issue :160708002
2016-07-08 09:00:41.315 | INFO  | main       | .ncpimpl.IssueThread:126   | System change curr issue to :160708003
2016-07-08 09:00:41.315 | INFO  | main       | .config.SysParameter:86    | System begin to save key:ncp.startissue
2016-07-08 09:00:41.355 | INFO  | main       | .config.SysParameter:100   | Save Issue Successful. value=160708003
2016-07-08 09:02:41.430 | INFO  | main       | .ncpimpl.IssueThread:102   | not get the issue info ......waiting for next time .160708003
2016-07-08 09:04:41.508 | INFO  | main       | .ncpimpl.IssueThread:102   | not get the issue info ......waiting for next time .160708003
2016-07-08 09:06:41.584 | INFO  | main       | .ncpimpl.IssueThread:102   | not get the issue info ......waiting for next time .160708003
2016-07-08 09:08:41.662 | INFO  | main       | .ncpimpl.IssueThread:102   | not get the issue info ......waiting for next time .160708003
2016-07-08 09:10:41.743 | INFO  | main       | .ncpimpl.IssueThread:102   | not get the issue info ......waiting for next time .160708003
2016-07-08 09:12:41.820 | INFO  | main       | .ncpimpl.IssueThread:102   | not get the issue info ......waiting for next time .160708003
2016-07-08 09:14:41.901 | INFO  | main       | .ncpimpl.IssueThread:102   | not get the issue info ......waiting for next time .160708003
2016-07-08 09:16:41.969 | INFO  | main       | .ncpimpl.IssueThread:102   | not get the issue info ......waiting for next time .160708003
2016-07-08 09:18:42.046 | INFO  | main       | .ncpimpl.IssueThread:102   | not get the issue info ......waiting for next time .160708003
2016-07-08 09:20:42.139 | INFO  | main       | .ncpimpl.IssueThread:102   | not get the issue info ......waiting for next time .160708003
2016-07-08 09:22:42.193 | INFO  | main       | .ncpimpl.IssueThread:102   | not get the issue info ......waiting for next time .160708003
2016-07-08 09:24:42.245 | INFO  | main       | .ncpimpl.IssueThread:102   | not get the issue info ......waiting for next time .160708003
2016-07-08 09:26:42.322 | INFO  | main       | .ncpimpl.IssueThread:102   | not get the issue info ......waiting for next time .160708003
2016-07-08 09:28:42.405 | INFO  | main       | .ncpimpl.IssueThread:102   | not get the issue info ......waiting for next time .160708003
2016-07-08 09:30:42.458 | INFO  | main       | .ncpimpl.IssueThread:102   | not get the issue info ......waiting for next time .160708003
2016-07-08 09:32:42.516 | INFO  | main       | .ncpimpl.IssueThread:102   | not get the issue info ......waiting for next time .160708003
2016-07-08 09:34:42.558 | INFO  | main       | .ncpimpl.IssueThread:102   | not get the issue info ......waiting for next time .160708003
2016-07-08 09:36:42.606 | INFO  | main       | .ncpimpl.IssueThread:102   | not get the issue info ......waiting for next time .160708003
2016-07-08 09:38:42.679 | INFO  | main       | .ncpimpl.IssueThread:102   | not get the issue info ......waiting for next time .160708003
2016-07-08 09:40:42.730 | INFO  | main       | .ncpimpl.IssueThread:102   | not get the issue info ......waiting for next time .160708003
2016-07-08 09:42:42.829 | INFO  | main       | .ncpimpl.IssueThread:102   | not get the issue info ......waiting for next time .160708003
2016-07-08 09:44:42.963 | INFO  | main       | .ncpimpl.IssueThread:102   | not get the issue info ......waiting for next time .160708003
2016-07-08 09:46:43.041 | INFO  | main       | .ncpimpl.IssueThread:102   | not get the issue info ......waiting for next time .160708003
2016-07-08 09:48:43.118 | INFO  | main       | .ncpimpl.IssueThread:102   | not get the issue info ......waiting for next time .160708003
2016-07-08 09:50:43.188 | INFO  | main       | .ncpimpl.IssueThread:102   | not get the issue info ......waiting for next time .160708003
2016-07-08 09:52:44.054 | INFO  | main       | .ncpimpl.IssueThread:102   | not get the issue info ......waiting for next time .160708003
2016-07-08 09:54:44.089 | INFO  | main       | .ncpimpl.IssueThread:102   | not get the issue info ......waiting for next time .160708003
2016-07-08 09:56:44.138 | INFO  | main       | .ncpimpl.IssueThread:102   | not get the issue info ......waiting for next time .160708003
2016-07-08 09:58:44.172 | INFO  | main       | .ncpimpl.IssueThread:102   | not get the issue info ......waiting for next time .160708003
2016-07-08 10:00:44.244 | INFO  | main       | .ncpimpl.IssueThread:102   | not get the issue info ......waiting for next time .160708003
2016-07-08 10:01:44.342 | INFO  | main       | .ncpimpl.IssueThread:96    | get ncp curr issue info success... curr issue :160708003
2016-07-08 10:01:44.342 | INFO  | main       | pl.FaceBookImplement:157   | facebook post feed begin ... 
2016-07-08 10:01:47.652 | INFO  | main       | pl.FaceBookImplement:173   | facebook post feed id (1603887806588551_1617330811910917) ,message is: Lucky 5, issue no. 160708003 ,winning number is:9,1,5,6,3,url = http://kpwlottery.com/index.php/km?issue=160708003&wincode=9,1,5,6,3
2016-07-08 10:01:47.652 | INFO  | main       | .ncpimpl.IssueThread:111   | post curr issue info success ... curr issue :160708003
2016-07-08 10:01:47.653 | INFO  | main       | .ncpimpl.IssueThread:126   | System change curr issue to :160708004
2016-07-08 10:01:47.653 | INFO  | main       | .config.SysParameter:86    | System begin to save key:ncp.startissue
2016-07-08 10:01:47.657 | INFO  | main       | .config.SysParameter:100   | Save Issue Successful. value=160708004
2016-07-08 10:03:47.736 | INFO  | main       | .ncpimpl.IssueThread:102   | not get the issue info ......waiting for next time .160708004
2016-07-08 10:05:47.789 | INFO  | main       | .ncpimpl.IssueThread:102   | not get the issue info ......waiting for next time .160708004
2016-07-08 10:07:47.898 | INFO  | main       | .ncpimpl.IssueThread:102   | not get the issue info ......waiting for next time .160708004
2016-07-08 10:09:47.931 | INFO  | main       | .ncpimpl.IssueThread:102   | not get the issue info ......waiting for next time .160708004
2016-07-08 10:11:47.965 | INFO  | main       | .ncpimpl.IssueThread:102   | not get the issue info ......waiting for next time .160708004
2016-07-08 10:13:48.038 | INFO  | main       | .ncpimpl.IssueThread:102   | not get the issue info ......waiting for next time .160708004
2016-07-08 10:15:48.113 | INFO  | main       | .ncpimpl.IssueThread:102   | not get the issue info ......waiting for next time .160708004
2016-07-08 10:17:48.196 | INFO  | main       | .ncpimpl.IssueThread:102   | not get the issue info ......waiting for next time .160708004
2016-07-08 10:19:48.299 | INFO  | main       | .ncpimpl.IssueThread:102   | not get the issue info ......waiting for next time .160708004
2016-07-08 10:21:48.438 | INFO  | main       | .ncpimpl.IssueThread:102   | not get the issue info ......waiting for next time .160708004
2016-07-08 10:23:48.483 | INFO  | main       | .ncpimpl.IssueThread:102   | not get the issue info ......waiting for next time .160708004
2016-07-08 10:25:48.572 | INFO  | main       | .ncpimpl.IssueThread:102   | not get the issue info ......waiting for next time .160708004
2016-07-08 10:27:48.700 | INFO  | main       | .ncpimpl.IssueThread:102   | not get the issue info ......waiting for next time .160708004
2016-07-08 10:29:48.779 | INFO  | main       | .ncpimpl.IssueThread:102   | not get the issue info ......waiting for next time .160708004
2016-07-08 10:31:48.851 | INFO  | main       | .ncpimpl.IssueThread:102   | not get the issue info ......waiting for next time .160708004
2016-07-08 10:33:48.949 | INFO  | main       | .ncpimpl.IssueThread:102   | not get the issue info ......waiting for next time .160708004
2016-07-08 10:35:49.095 | INFO  | main       | .ncpimpl.IssueThread:102   | not get the issue info ......waiting for next time .160708004
2016-07-08 10:37:49.129 | INFO  | main       | .ncpimpl.IssueThread:102   | not get the issue info ......waiting for next time .160708004
2016-07-08 10:39:49.192 | INFO  | main       | .ncpimpl.IssueThread:102   | not get the issue info ......waiting for next time .160708004
2016-07-08 10:41:49.249 | INFO  | main       | .ncpimpl.IssueThread:102   | not get the issue info ......waiting for next time .160708004
2016-07-08 10:43:49.288 | INFO  | main       | .ncpimpl.IssueThread:102   | not get the issue info ......waiting for next time .160708004
2016-07-08 10:45:49.322 | INFO  | main       | .ncpimpl.IssueThread:102   | not get the issue info ......waiting for next time .160708004
2016-07-08 10:47:49.379 | INFO  | main       | .ncpimpl.IssueThread:102   | not get the issue info ......waiting for next time .160708004
2016-07-08 10:49:49.413 | INFO  | main       | .ncpimpl.IssueThread:102   | not get the issue info ......waiting for next time .160708004
2016-07-08 10:51:49.456 | INFO  | main       | .ncpimpl.IssueThread:102   | not get the issue info ......waiting for next time .160708004
2016-07-08 10:53:49.493 | INFO  | main       | .ncpimpl.IssueThread:102   | not get the issue info ......waiting for next time .160708004
2016-07-08 10:55:49.539 | INFO  | main       | .ncpimpl.IssueThread:102   | not get the issue info ......waiting for next time .160708004
2016-07-08 10:57:49.572 | INFO  | main       | .ncpimpl.IssueThread:102   | not get the issue info ......waiting for next time .160708004
2016-07-08 10:59:49.605 | INFO  | main       | .ncpimpl.IssueThread:102   | not get the issue info ......waiting for next time .160708004
2016-07-08 11:00:49.653 | INFO  | main       | .ncpimpl.IssueThread:96    | get ncp curr issue info success... curr issue :160708004
2016-07-08 11:00:49.654 | INFO  | main       | pl.FaceBookImplement:157   | facebook post feed begin ... 
2016-07-08 11:00:52.397 | INFO  | main       | pl.FaceBookImplement:173   | facebook post feed id (1603887806588551_1617344515242880) ,message is: Lucky 5, issue no. 160708004 ,winning number is:2,11,9,6,4,url = http://kpwlottery.com/index.php/km?issue=160708004&wincode=2,11,9,6,4
2016-07-08 11:00:52.398 | INFO  | main       | .ncpimpl.IssueThread:111   | post curr issue info success ... curr issue :160708004
2016-07-08 11:00:52.398 | INFO  | main       | .ncpimpl.IssueThread:126   | System change curr issue to :160708005
2016-07-08 11:00:52.398 | INFO  | main       | .config.SysParameter:86    | System begin to save key:ncp.startissue
2016-07-08 11:00:52.437 | INFO  | main       | .config.SysParameter:100   | Save Issue Successful. value=160708005
2016-07-08 11:02:52.489 | INFO  | main       | .ncpimpl.IssueThread:102   | not get the issue info ......waiting for next time .160708005
2016-07-08 11:04:52.523 | INFO  | main       | .ncpimpl.IssueThread:102   | not get the issue info ......waiting for next time .160708005
2016-07-08 11:06:52.559 | INFO  | main       | .ncpimpl.IssueThread:102   | not get the issue info ......waiting for next time .160708005
2016-07-08 11:08:52.595 | INFO  | main       | .ncpimpl.IssueThread:102   | not get the issue info ......waiting for next time .160708005
2016-07-08 11:10:52.629 | INFO  | main       | .ncpimpl.IssueThread:102   | not get the issue info ......waiting for next time .160708005
2016-07-08 11:12:52.664 | INFO  | main       | .ncpimpl.IssueThread:102   | not get the issue info ......waiting for next time .160708005
2016-07-08 11:14:52.698 | INFO  | main       | .ncpimpl.IssueThread:102   | not get the issue info ......waiting for next time .160708005
2016-07-08 11:16:52.733 | INFO  | main       | .ncpimpl.IssueThread:102   | not get the issue info ......waiting for next time .160708005
2016-07-08 11:18:52.766 | INFO  | main       | .ncpimpl.IssueThread:102   | not get the issue info ......waiting for next time .160708005
2016-07-08 11:20:52.801 | INFO  | main       | .ncpimpl.IssueThread:102   | not get the issue info ......waiting for next time .160708005
2016-07-08 11:22:52.837 | INFO  | main       | .ncpimpl.IssueThread:102   | not get the issue info ......waiting for next time .160708005
2016-07-08 11:24:52.869 | INFO  | main       | .ncpimpl.IssueThread:102   | not get the issue info ......waiting for next time .160708005
2016-07-08 11:26:52.904 | INFO  | main       | .ncpimpl.IssueThread:102   | not get the issue info ......waiting for next time .160708005
2016-07-08 11:28:52.936 | INFO  | main       | .ncpimpl.IssueThread:102   | not get the issue info ......waiting for next time .160708005
2016-07-08 11:30:52.970 | INFO  | main       | .ncpimpl.IssueThread:102   | not get the issue info ......waiting for next time .160708005
2016-07-08 11:32:53.006 | INFO  | main       | .ncpimpl.IssueThread:102   | not get the issue info ......waiting for next time .160708005
2016-07-08 11:34:53.041 | INFO  | main       | .ncpimpl.IssueThread:102   | not get the issue info ......waiting for next time .160708005
2016-07-08 11:36:53.074 | INFO  | main       | .ncpimpl.IssueThread:102   | not get the issue info ......waiting for next time .160708005
2016-07-08 11:38:53.108 | INFO  | main       | .ncpimpl.IssueThread:102   | not get the issue info ......waiting for next time .160708005
2016-07-08 11:40:53.144 | INFO  | main       | .ncpimpl.IssueThread:102   | not get the issue info ......waiting for next time .160708005
2016-07-08 11:42:53.253 | INFO  | main       | .ncpimpl.IssueThread:102   | not get the issue info ......waiting for next time .160708005
2016-07-08 11:44:53.336 | INFO  | main       | .ncpimpl.IssueThread:102   | not get the issue info ......waiting for next time .160708005
2016-07-08 11:46:53.371 | INFO  | main       | .ncpimpl.IssueThread:102   | not get the issue info ......waiting for next time .160708005
2016-07-08 11:48:53.412 | INFO  | main       | .ncpimpl.IssueThread:102   | not get the issue info ......waiting for next time .160708005
2016-07-08 11:50:53.491 | INFO  | main       | .ncpimpl.IssueThread:102   | not get the issue info ......waiting for next time .160708005
2016-07-08 11:52:53.561 | INFO  | main       | .ncpimpl.IssueThread:102   | not get the issue info ......waiting for next time .160708005
2016-07-08 11:54:53.619 | INFO  | main       | .ncpimpl.IssueThread:102   | not get the issue info ......waiting for next time .160708005
2016-07-08 11:56:53.650 | INFO  | main       | .ncpimpl.IssueThread:102   | not get the issue info ......waiting for next time .160708005
2016-07-08 11:58:53.712 | INFO  | main       | .ncpimpl.IssueThread:102   | not get the issue info ......waiting for next time .160708005
2016-07-08 12:00:53.366 | INFO  | main       | .ncpimpl.IssueThread:102   | not get the issue info ......waiting for next time .160708005
2016-07-08 12:01:53.460 | INFO  | main       | .ncpimpl.IssueThread:96    | get ncp curr issue info success... curr issue :160708005
2016-07-08 12:01:53.460 | INFO  | main       | pl.FaceBookImplement:157   | facebook post feed begin ... 
2016-07-08 12:01:55.979 | INFO  | main       | pl.FaceBookImplement:173   | facebook post feed id (1603887806588551_1617363711907627) ,message is: Lucky 5, issue no. 160708005 ,winning number is:2,4,7,11,5,url = http://kpwlottery.com/index.php/km?issue=160708005&wincode=2,4,7,11,5
2016-07-08 12:01:55.979 | INFO  | main       | .ncpimpl.IssueThread:111   | post curr issue info success ... curr issue :160708005
2016-07-08 12:01:55.979 | INFO  | main       | .ncpimpl.IssueThread:126   | System change curr issue to :160708006
2016-07-08 12:01:55.979 | INFO  | main       | .config.SysParameter:86    | System begin to save key:ncp.startissue
2016-07-08 12:01:56.226 | INFO  | main       | .config.SysParameter:100   | Save Issue Successful. value=160708006
2016-07-08 12:03:56.283 | INFO  | main       | .ncpimpl.IssueThread:102   | not get the issue info ......waiting for next time .160708006
2016-07-08 12:05:56.400 | INFO  | main       | .ncpimpl.IssueThread:102   | not get the issue info ......waiting for next time .160708006
2016-07-08 12:07:56.469 | INFO  | main       | .ncpimpl.IssueThread:102   | not get the issue info ......waiting for next time .160708006
2016-07-08 12:09:56.526 | INFO  | main       | .ncpimpl.IssueThread:102   | not get the issue info ......waiting for next time .160708006
2016-07-08 12:11:56.572 | INFO  | main       | .ncpimpl.IssueThread:102   | not get the issue info ......waiting for next time .160708006
2016-07-08 12:13:56.654 | INFO  | main       | .ncpimpl.IssueThread:102   | not get the issue info ......waiting for next time .160708006
2016-07-08 12:15:56.704 | INFO  | main       | .ncpimpl.IssueThread:102   | not get the issue info ......waiting for next time .160708006
2016-07-08 12:17:56.737 | INFO  | main       | .ncpimpl.IssueThread:102   | not get the issue info ......waiting for next time .160708006
2016-07-08 12:19:56.770 | INFO  | main       | .ncpimpl.IssueThread:102   | not get the issue info ......waiting for next time .160708006
2016-07-08 12:21:56.804 | INFO  | main       | .ncpimpl.IssueThread:102   | not get the issue info ......waiting for next time .160708006
2016-07-08 12:23:56.838 | INFO  | main       | .ncpimpl.IssueThread:102   | not get the issue info ......waiting for next time .160708006
2016-07-08 12:25:56.871 | INFO  | main       | .ncpimpl.IssueThread:102   | not get the issue info ......waiting for next time .160708006
2016-07-08 12:27:56.904 | INFO  | main       | .ncpimpl.IssueThread:102   | not get the issue info ......waiting for next time .160708006
2016-07-08 12:29:56.968 | INFO  | main       | .ncpimpl.IssueThread:102   | not get the issue info ......waiting for next time .160708006
2016-07-08 12:31:57.001 | INFO  | main       | .ncpimpl.IssueThread:102   | not get the issue info ......waiting for next time .160708006
2016-07-08 12:33:57.039 | INFO  | main       | .ncpimpl.IssueThread:102   | not get the issue info ......waiting for next time .160708006
2016-07-08 12:35:57.069 | INFO  | main       | .ncpimpl.IssueThread:102   | not get the issue info ......waiting for next time .160708006
2016-07-08 12:37:57.104 | INFO  | main       | .ncpimpl.IssueThread:102   | not get the issue info ......waiting for next time .160708006
2016-07-08 12:39:57.138 | INFO  | main       | .ncpimpl.IssueThread:102   | not get the issue info ......waiting for next time .160708006
2016-07-08 12:41:57.175 | INFO  | main       | .ncpimpl.IssueThread:102   | not get the issue info ......waiting for next time .160708006
2016-07-08 12:43:57.209 | INFO  | main       | .ncpimpl.IssueThread:102   | not get the issue info ......waiting for next time .160708006
2016-07-08 12:45:57.239 | INFO  | main       | .ncpimpl.IssueThread:102   | not get the issue info ......waiting for next time .160708006
2016-07-08 12:47:57.273 | INFO  | main       | .ncpimpl.IssueThread:102   | not get the issue info ......waiting for next time .160708006
2016-07-08 12:49:57.309 | INFO  | main       | .ncpimpl.IssueThread:102   | not get the issue info ......waiting for next time .160708006
2016-07-08 12:51:57.343 | INFO  | main       | .ncpimpl.IssueThread:102   | not get the issue info ......waiting for next time .160708006
2016-07-08 12:53:57.379 | INFO  | main       | .ncpimpl.IssueThread:102   | not get the issue info ......waiting for next time .160708006
2016-07-08 12:55:57.412 | INFO  | main       | .ncpimpl.IssueThread:102   | not get the issue info ......waiting for next time .160708006
2016-07-08 12:57:57.445 | INFO  | main       | .ncpimpl.IssueThread:102   | not get the issue info ......waiting for next time .160708006
2016-07-08 12:59:57.475 | INFO  | main       | .ncpimpl.IssueThread:102   | not get the issue info ......waiting for next time .160708006
2016-07-08 13:00:57.519 | INFO  | main       | .ncpimpl.IssueThread:96    | get ncp curr issue info success... curr issue :160708006
2016-07-08 13:00:57.520 | INFO  | main       | pl.FaceBookImplement:157   | facebook post feed begin ... 
2016-07-08 13:01:00.072 | INFO  | main       | pl.FaceBookImplement:173   | facebook post feed id (1603887806588551_1617380401905958) ,message is: Lucky 5, issue no. 160708006 ,winning number is:11,5,1,4,8,url = http://kpwlottery.com/index.php/km?issue=160708006&wincode=11,5,1,4,8
2016-07-08 13:01:00.072 | INFO  | main       | .ncpimpl.IssueThread:111   | post curr issue info success ... curr issue :160708006
2016-07-08 13:01:00.072 | INFO  | main       | .ncpimpl.IssueThread:126   | System change curr issue to :160708007
2016-07-08 13:01:00.072 | INFO  | main       | .config.SysParameter:86    | System begin to save key:ncp.startissue
2016-07-08 13:01:00.075 | INFO  | main       | .config.SysParameter:100   | Save Issue Successful. value=160708007
2016-07-08 13:03:00.122 | INFO  | main       | .ncpimpl.IssueThread:102   | not get the issue info ......waiting for next time .160708007
2016-07-08 13:05:00.157 | INFO  | main       | .ncpimpl.IssueThread:102   | not get the issue info ......waiting for next time .160708007
2016-07-08 13:07:00.191 | INFO  | main       | .ncpimpl.IssueThread:102   | not get the issue info ......waiting for next time .160708007
2016-07-08 13:09:00.225 | INFO  | main       | .ncpimpl.IssueThread:102   | not get the issue info ......waiting for next time .160708007
2016-07-08 13:11:00.258 | INFO  | main       | .ncpimpl.IssueThread:102   | not get the issue info ......waiting for next time .160708007
2016-07-08 13:13:00.291 | INFO  | main       | .ncpimpl.IssueThread:102   | not get the issue info ......waiting for next time .160708007
2016-07-08 13:15:00.326 | INFO  | main       | .ncpimpl.IssueThread:102   | not get the issue info ......waiting for next time .160708007
2016-07-08 13:17:00.362 | INFO  | main       | .ncpimpl.IssueThread:102   | not get the issue info ......waiting for next time .160708007
2016-07-08 13:19:00.410 | INFO  | main       | .ncpimpl.IssueThread:102   | not get the issue info ......waiting for next time .160708007
2016-07-08 13:21:00.444 | INFO  | main       | .ncpimpl.IssueThread:102   | not get the issue info ......waiting for next time .160708007
2016-07-08 13:23:00.562 | INFO  | main       | .ncpimpl.IssueThread:102   | not get the issue info ......waiting for next time .160708007
2016-07-08 13:25:00.595 | INFO  | main       | .ncpimpl.IssueThread:102   | not get the issue info ......waiting for next time .160708007
2016-07-08 13:27:00.627 | INFO  | main       | .ncpimpl.IssueThread:102   | not get the issue info ......waiting for next time .160708007
2016-07-08 13:29:00.664 | INFO  | main       | .ncpimpl.IssueThread:102   | not get the issue info ......waiting for next time .160708007
2016-07-08 13:31:00.699 | INFO  | main       | .ncpimpl.IssueThread:102   | not get the issue info ......waiting for next time .160708007
2016-07-08 13:33:00.735 | INFO  | main       | .ncpimpl.IssueThread:102   | not get the issue info ......waiting for next time .160708007
2016-07-08 13:35:00.765 | INFO  | main       | .ncpimpl.IssueThread:102   | not get the issue info ......waiting for next time .160708007
2016-07-08 13:37:00.798 | INFO  | main       | .ncpimpl.IssueThread:102   | not get the issue info ......waiting for next time .160708007
2016-07-08 13:39:00.831 | INFO  | main       | .ncpimpl.IssueThread:102   | not get the issue info ......waiting for next time .160708007
2016-07-08 13:41:00.868 | INFO  | main       | .ncpimpl.IssueThread:102   | not get the issue info ......waiting for next time .160708007
2016-07-08 13:43:00.902 | INFO  | main       | .ncpimpl.IssueThread:102   | not get the issue info ......waiting for next time .160708007
2016-07-08 13:45:00.938 | INFO  | main       | .ncpimpl.IssueThread:102   | not get the issue info ......waiting for next time .160708007
2016-07-08 13:47:00.971 | INFO  | main       | .ncpimpl.IssueThread:102   | not get the issue info ......waiting for next time .160708007
2016-07-08 13:49:01.004 | INFO  | main       | .ncpimpl.IssueThread:102   | not get the issue info ......waiting for next time .160708007
2016-07-08 13:51:01.039 | INFO  | main       | .ncpimpl.IssueThread:102   | not get the issue info ......waiting for next time .160708007
2016-07-08 13:53:01.070 | INFO  | main       | .ncpimpl.IssueThread:102   | not get the issue info ......waiting for next time .160708007
2016-07-08 13:55:01.101 | INFO  | main       | .ncpimpl.IssueThread:102   | not get the issue info ......waiting for next time .160708007
2016-07-08 13:57:01.142 | INFO  | main       | .ncpimpl.IssueThread:102   | not get the issue info ......waiting for next time .160708007
2016-07-08 13:59:01.175 | INFO  | main       | .ncpimpl.IssueThread:102   | not get the issue info ......waiting for next time .160708007
2016-07-08 14:01:01.209 | INFO  | main       | .ncpimpl.IssueThread:102   | not get the issue info ......waiting for next time .160708007
2016-07-08 14:02:01.252 | INFO  | main       | .ncpimpl.IssueThread:96    | get ncp curr issue info success... curr issue :160708007
2016-07-08 14:02:01.252 | INFO  | main       | pl.FaceBookImplement:157   | facebook post feed begin ... 
2016-07-08 14:02:03.606 | INFO  | main       | pl.FaceBookImplement:173   | facebook post feed id (1603887806588551_1617402655237066) ,message is: Lucky 5, issue no. 160708007 ,winning number is:5,8,11,6,1,url = http://kpwlottery.com/index.php/km?issue=160708007&wincode=5,8,11,6,1
2016-07-08 14:02:03.607 | INFO  | main       | .ncpimpl.IssueThread:111   | post curr issue info success ... curr issue :160708007
2016-07-08 14:02:03.607 | INFO  | main       | .ncpimpl.IssueThread:126   | System change curr issue to :160708008
2016-07-08 14:02:03.607 | INFO  | main       | .config.SysParameter:86    | System begin to save key:ncp.startissue
2016-07-08 14:02:03.609 | INFO  | main       | .config.SysParameter:100   | Save Issue Successful. value=160708008
2016-07-08 14:04:03.643 | INFO  | main       | .ncpimpl.IssueThread:102   | not get the issue info ......waiting for next time .160708008
2016-07-08 14:06:03.678 | INFO  | main       | .ncpimpl.IssueThread:102   | not get the issue info ......waiting for next time .160708008
2016-07-08 14:08:03.713 | INFO  | main       | .ncpimpl.IssueThread:102   | not get the issue info ......waiting for next time .160708008
2016-07-08 14:10:03.748 | INFO  | main       | .ncpimpl.IssueThread:102   | not get the issue info ......waiting for next time .160708008
2016-07-08 14:12:03.783 | INFO  | main       | .ncpimpl.IssueThread:102   | not get the issue info ......waiting for next time .160708008
2016-07-08 14:14:03.816 | INFO  | main       | .ncpimpl.IssueThread:102   | not get the issue info ......waiting for next time .160708008
2016-07-08 14:16:03.851 | INFO  | main       | .ncpimpl.IssueThread:102   | not get the issue info ......waiting for next time .160708008
2016-07-08 14:18:03.883 | INFO  | main       | .ncpimpl.IssueThread:102   | not get the issue info ......waiting for next time .160708008
2016-07-08 14:20:03.919 | INFO  | main       | .ncpimpl.IssueThread:102   | not get the issue info ......waiting for next time .160708008
2016-07-08 14:22:03.961 | INFO  | main       | .ncpimpl.IssueThread:102   | not get the issue info ......waiting for next time .160708008
2016-07-08 14:24:04.006 | INFO  | main       | .ncpimpl.IssueThread:102   | not get the issue info ......waiting for next time .160708008
2016-07-08 14:26:04.056 | INFO  | main       | .ncpimpl.IssueThread:102   | not get the issue info ......waiting for next time .160708008
2016-07-08 14:28:04.091 | INFO  | main       | .ncpimpl.IssueThread:102   | not get the issue info ......waiting for next time .160708008
2016-07-08 14:30:04.126 | INFO  | main       | .ncpimpl.IssueThread:102   | not get the issue info ......waiting for next time .160708008
2016-07-08 14:32:04.232 | INFO  | main       | .ncpimpl.IssueThread:102   | not get the issue info ......waiting for next time .160708008
2016-07-08 14:34:04.265 | INFO  | main       | .ncpimpl.IssueThread:102   | not get the issue info ......waiting for next time .160708008
2016-07-08 14:36:04.298 | INFO  | main       | .ncpimpl.IssueThread:102   | not get the issue info ......waiting for next time .160708008
2016-07-08 14:38:04.332 | INFO  | main       | .ncpimpl.IssueThread:102   | not get the issue info ......waiting for next time .160708008
2016-07-08 14:40:04.368 | INFO  | main       | .ncpimpl.IssueThread:102   | not get the issue info ......waiting for next time .160708008
2016-07-08 14:42:04.404 | INFO  | main       | .ncpimpl.IssueThread:102   | not get the issue info ......waiting for next time .160708008
2016-07-08 14:44:04.438 | INFO  | main       | .ncpimpl.IssueThread:102   | not get the issue info ......waiting for next time .160708008
2016-07-08 14:46:04.470 | INFO  | main       | .ncpimpl.IssueThread:102   | not get the issue info ......waiting for next time .160708008
2016-07-08 14:48:04.503 | INFO  | main       | .ncpimpl.IssueThread:102   | not get the issue info ......waiting for next time .160708008
2016-07-08 14:50:04.537 | INFO  | main       | .ncpimpl.IssueThread:102   | not get the issue info ......waiting for next time .160708008
2016-07-08 14:52:04.571 | INFO  | main       | .ncpimpl.IssueThread:102   | not get the issue info ......waiting for next time .160708008
2016-07-08 14:54:04.606 | INFO  | main       | .ncpimpl.IssueThread:102   | not get the issue info ......waiting for next time .160708008
2016-07-08 14:56:04.639 | INFO  | main       | .ncpimpl.IssueThread:102   | not get the issue info ......waiting for next time .160708008
2016-07-08 14:58:04.675 | INFO  | main       | .ncpimpl.IssueThread:102   | not get the issue info ......waiting for next time .160708008
2016-07-08 15:00:04.730 | INFO  | main       | .ncpimpl.IssueThread:102   | not get the issue info ......waiting for next time .160708008
2016-07-08 15:01:04.775 | INFO  | main       | .ncpimpl.IssueThread:96    | get ncp curr issue info success... curr issue :160708008
2016-07-08 15:01:04.776 | INFO  | main       | pl.FaceBookImplement:157   | facebook post feed begin ... 
2016-07-08 15:01:07.193 | INFO  | main       | pl.FaceBookImplement:173   | facebook post feed id (1603887806588551_1617419005235431) ,message is: Lucky 5, issue no. 160708008 ,winning number is:2,1,4,7,3,url = http://kpwlottery.com/index.php/km?issue=160708008&wincode=2,1,4,7,3
2016-07-08 15:01:07.193 | INFO  | main       | .ncpimpl.IssueThread:111   | post curr issue info success ... curr issue :160708008
2016-07-08 15:01:07.193 | INFO  | main       | .ncpimpl.IssueThread:126   | System change curr issue to :160708009
2016-07-08 15:01:07.193 | INFO  | main       | .config.SysParameter:86    | System begin to save key:ncp.startissue
2016-07-08 15:01:07.196 | INFO  | main       | .config.SysParameter:100   | Save Issue Successful. value=160708009
2016-07-08 15:03:07.231 | INFO  | main       | .ncpimpl.IssueThread:102   | not get the issue info ......waiting for next time .160708009
2016-07-08 15:05:07.269 | INFO  | main       | .ncpimpl.IssueThread:102   | not get the issue info ......waiting for next time .160708009
2016-07-08 15:07:07.303 | INFO  | main       | .ncpimpl.IssueThread:102   | not get the issue info ......waiting for next time .160708009
2016-07-08 15:09:07.387 | INFO  | main       | .ncpimpl.IssueThread:102   | not get the issue info ......waiting for next time .160708009
2016-07-08 15:11:07.430 | INFO  | main       | .ncpimpl.IssueThread:102   | not get the issue info ......waiting for next time .160708009
2016-07-08 15:13:07.465 | INFO  | main       | .ncpimpl.IssueThread:102   | not get the issue info ......waiting for next time .160708009
2016-07-08 15:15:07.500 | INFO  | main       | .ncpimpl.IssueThread:102   | not get the issue info ......waiting for next time .160708009
2016-07-08 15:17:07.569 | INFO  | main       | .ncpimpl.IssueThread:102   | not get the issue info ......waiting for next time .160708009
2016-07-08 15:19:07.604 | INFO  | main       | .ncpimpl.IssueThread:102   | not get the issue info ......waiting for next time .160708009
2016-07-08 15:21:07.638 | INFO  | main       | .ncpimpl.IssueThread:102   | not get the issue info ......waiting for next time .160708009
2016-07-08 15:23:07.674 | INFO  | main       | .ncpimpl.IssueThread:102   | not get the issue info ......waiting for next time .160708009
2016-07-08 15:25:07.710 | INFO  | main       | .ncpimpl.IssueThread:102   | not get the issue info ......waiting for next time .160708009
2016-07-08 15:27:07.743 | INFO  | main       | .ncpimpl.IssueThread:102   | not get the issue info ......waiting for next time .160708009
2016-07-08 15:29:07.778 | INFO  | main       | .ncpimpl.IssueThread:102   | not get the issue info ......waiting for next time .160708009
2016-07-08 15:31:07.813 | INFO  | main       | .ncpimpl.IssueThread:102   | not get the issue info ......waiting for next time .160708009
2016-07-08 15:33:07.844 | INFO  | main       | .ncpimpl.IssueThread:102   | not get the issue info ......waiting for next time .160708009
2016-07-08 15:35:07.878 | INFO  | main       | .ncpimpl.IssueThread:102   | not get the issue info ......waiting for next time .160708009
2016-07-08 15:37:07.948 | INFO  | main       | .ncpimpl.IssueThread:102   | not get the issue info ......waiting for next time .160708009
2016-07-08 15:39:08.032 | INFO  | main       | .ncpimpl.IssueThread:102   | not get the issue info ......waiting for next time .160708009
2016-07-08 15:41:08.079 | INFO  | main       | .ncpimpl.IssueThread:102   | not get the issue info ......waiting for next time .160708009
2016-07-08 15:43:08.114 | INFO  | main       | .ncpimpl.IssueThread:102   | not get the issue info ......waiting for next time .160708009
2016-07-08 15:45:08.150 | INFO  | main       | .ncpimpl.IssueThread:102   | not get the issue info ......waiting for next time .160708009
2016-07-08 15:47:08.183 | INFO  | main       | .ncpimpl.IssueThread:102   | not get the issue info ......waiting for next time .160708009
2016-07-08 15:49:08.218 | INFO  | main       | .ncpimpl.IssueThread:102   | not get the issue info ......waiting for next time .160708009
2016-07-08 15:51:08.257 | INFO  | main       | .ncpimpl.IssueThread:102   | not get the issue info ......waiting for next time .160708009
2016-07-08 15:53:08.292 | INFO  | main       | .ncpimpl.IssueThread:102   | not get the issue info ......waiting for next time .160708009
2016-07-08 15:55:08.325 | INFO  | main       | .ncpimpl.IssueThread:102   | not get the issue info ......waiting for next time .160708009
2016-07-08 15:57:08.356 | INFO  | main       | .ncpimpl.IssueThread:102   | not get the issue info ......waiting for next time .160708009
2016-07-08 15:59:08.391 | INFO  | main       | .ncpimpl.IssueThread:102   | not get the issue info ......waiting for next time .160708009
2016-07-08 16:01:08.429 | INFO  | main       | .ncpimpl.IssueThread:102   | not get the issue info ......waiting for next time .160708009
2016-07-08 16:02:08.471 | INFO  | main       | .ncpimpl.IssueThread:96    | get ncp curr issue info success... curr issue :160708009
2016-07-08 16:02:08.472 | INFO  | main       | pl.FaceBookImplement:157   | facebook post feed begin ... 
2016-07-08 16:02:10.872 | INFO  | main       | pl.FaceBookImplement:173   | facebook post feed id (1603887806588551_1617447851899213) ,message is: Lucky 5, issue no. 160708009 ,winning number is:2,10,11,5,9,url = http://kpwlottery.com/index.php/km?issue=160708009&wincode=2,10,11,5,9
2016-07-08 16:02:10.873 | INFO  | main       | .ncpimpl.IssueThread:111   | post curr issue info success ... curr issue :160708009
2016-07-08 16:02:10.873 | INFO  | main       | .ncpimpl.IssueThread:126   | System change curr issue to :160708010
2016-07-08 16:02:10.873 | INFO  | main       | .config.SysParameter:86    | System begin to save key:ncp.startissue
2016-07-08 16:02:10.877 | INFO  | main       | .config.SysParameter:100   | Save Issue Successful. value=160708010
2016-07-08 16:04:10.917 | INFO  | main       | .ncpimpl.IssueThread:102   | not get the issue info ......waiting for next time .160708010
2016-07-08 16:06:10.952 | INFO  | main       | .ncpimpl.IssueThread:102   | not get the issue info ......waiting for next time .160708010
2016-07-08 16:08:10.987 | INFO  | main       | .ncpimpl.IssueThread:102   | not get the issue info ......waiting for next time .160708010
2016-07-08 16:10:11.021 | INFO  | main       | .ncpimpl.IssueThread:102   | not get the issue info ......waiting for next time .160708010
2016-07-08 16:12:11.057 | INFO  | main       | .ncpimpl.IssueThread:102   | not get the issue info ......waiting for next time .160708010
2016-07-08 16:14:11.126 | INFO  | main       | .ncpimpl.IssueThread:102   | not get the issue info ......waiting for next time .160708010
2016-07-08 16:16:11.157 | INFO  | main       | .ncpimpl.IssueThread:102   | not get the issue info ......waiting for next time .160708010
2016-07-08 16:18:11.245 | INFO  | main       | .ncpimpl.IssueThread:102   | not get the issue info ......waiting for next time .160708010
2016-07-08 16:20:11.271 | INFO  | main       | .ncpimpl.IssueThread:102   | not get the issue info ......waiting for next time .160708010
2016-07-08 16:22:11.301 | INFO  | main       | .ncpimpl.IssueThread:102   | not get the issue info ......waiting for next time .160708010
2016-07-08 16:24:11.331 | INFO  | main       | .ncpimpl.IssueThread:102   | not get the issue info ......waiting for next time .160708010
2016-07-08 16:26:11.360 | INFO  | main       | .ncpimpl.IssueThread:102   | not get the issue info ......waiting for next time .160708010
2016-07-08 16:28:11.451 | INFO  | main       | .ncpimpl.IssueThread:102   | not get the issue info ......waiting for next time .160708010
2016-07-08 16:30:11.529 | INFO  | main       | .ncpimpl.IssueThread:102   | not get the issue info ......waiting for next time .160708010
2016-07-08 16:32:11.555 | INFO  | main       | .ncpimpl.IssueThread:102   | not get the issue info ......waiting for next time .160708010
2016-07-08 16:34:11.582 | INFO  | main       | .ncpimpl.IssueThread:102   | not get the issue info ......waiting for next time .160708010
2016-07-08 16:36:11.610 | INFO  | main       | .ncpimpl.IssueThread:102   | not get the issue info ......waiting for next time .160708010
2016-07-08 16:38:11.636 | INFO  | main       | .ncpimpl.IssueThread:102   | not get the issue info ......waiting for next time .160708010
2016-07-08 16:40:11.675 | INFO  | main       | .ncpimpl.IssueThread:102   | not get the issue info ......waiting for next time .160708010
2016-07-08 16:42:11.701 | INFO  | main       | .ncpimpl.IssueThread:102   | not get the issue info ......waiting for next time .160708010
2016-07-08 16:44:11.733 | INFO  | main       | .ncpimpl.IssueThread:102   | not get the issue info ......waiting for next time .160708010
2016-07-08 16:46:11.760 | INFO  | main       | .ncpimpl.IssueThread:102   | not get the issue info ......waiting for next time .160708010
2016-07-08 16:48:11.788 | INFO  | main       | .ncpimpl.IssueThread:102   | not get the issue info ......waiting for next time .160708010
2016-07-08 16:50:11.854 | INFO  | main       | .ncpimpl.IssueThread:102   | not get the issue info ......waiting for next time .160708010
2016-07-08 16:52:11.920 | INFO  | main       | .ncpimpl.IssueThread:102   | not get the issue info ......waiting for next time .160708010
2016-07-08 16:54:11.951 | INFO  | main       | .ncpimpl.IssueThread:102   | not get the issue info ......waiting for next time .160708010
2016-07-08 16:56:12.009 | INFO  | main       | .ncpimpl.IssueThread:102   | not get the issue info ......waiting for next time .160708010
2016-07-08 16:58:12.043 | INFO  | main       | .ncpimpl.IssueThread:102   | not get the issue info ......waiting for next time .160708010
2016-07-08 17:00:12.071 | INFO  | main       | .ncpimpl.IssueThread:102   | not get the issue info ......waiting for next time .160708010
2016-07-08 17:01:12.198 | INFO  | main       | .ncpimpl.IssueThread:96    | get ncp curr issue info success... curr issue :160708010
2016-07-08 17:01:12.207 | INFO  | main       | pl.FaceBookImplement:157   | facebook post feed begin ... 
2016-07-08 17:01:14.682 | INFO  | main       | pl.FaceBookImplement:173   | facebook post feed id (1603887806588551_1617468341897164) ,message is: Lucky 5, issue no. 160708010 ,winning number is:7,1,5,11,6,url = http://kpwlottery.com/index.php/km?issue=160708010&wincode=7,1,5,11,6
2016-07-08 17:01:14.683 | INFO  | main       | .ncpimpl.IssueThread:111   | post curr issue info success ... curr issue :160708010
2016-07-08 17:01:14.683 | INFO  | main       | .ncpimpl.IssueThread:126   | System change curr issue to :160708011
2016-07-08 17:01:14.683 | INFO  | main       | .config.SysParameter:86    | System begin to save key:ncp.startissue
2016-07-08 17:01:14.686 | INFO  | main       | .config.SysParameter:100   | Save Issue Successful. value=160708011
2016-07-08 17:03:14.712 | INFO  | main       | .ncpimpl.IssueThread:102   | not get the issue info ......waiting for next time .160708011
2016-07-08 17:05:14.783 | INFO  | main       | .ncpimpl.IssueThread:102   | not get the issue info ......waiting for next time .160708011
2016-07-08 17:07:14.825 | INFO  | main       | .ncpimpl.IssueThread:102   | not get the issue info ......waiting for next time .160708011
2016-07-08 17:09:14.899 | INFO  | main       | .ncpimpl.IssueThread:102   | not get the issue info ......waiting for next time .160708011
2016-07-08 17:11:14.924 | INFO  | main       | .ncpimpl.IssueThread:102   | not get the issue info ......waiting for next time .160708011
2016-07-08 17:13:14.950 | INFO  | main       | .ncpimpl.IssueThread:102   | not get the issue info ......waiting for next time .160708011
2016-07-08 17:15:14.985 | INFO  | main       | .ncpimpl.IssueThread:102   | not get the issue info ......waiting for next time .160708011
2016-07-08 17:17:15.098 | INFO  | main       | .ncpimpl.IssueThread:102   | not get the issue info ......waiting for next time .160708011
2016-07-08 17:19:15.167 | INFO  | main       | .ncpimpl.IssueThread:102   | not get the issue info ......waiting for next time .160708011
2016-07-08 17:21:15.229 | INFO  | main       | .ncpimpl.IssueThread:102   | not get the issue info ......waiting for next time .160708011
2016-07-08 17:23:15.256 | INFO  | main       | .ncpimpl.IssueThread:102   | not get the issue info ......waiting for next time .160708011
2016-07-08 17:25:15.283 | INFO  | main       | .ncpimpl.IssueThread:102   | not get the issue info ......waiting for next time .160708011
2016-07-08 17:27:15.346 | INFO  | main       | .ncpimpl.IssueThread:102   | not get the issue info ......waiting for next time .160708011
2016-07-08 17:29:15.610 | INFO  | main       | .ncpimpl.IssueThread:102   | not get the issue info ......waiting for next time .160708011
2016-07-08 17:31:15.646 | INFO  | main       | .ncpimpl.IssueThread:102   | not get the issue info ......waiting for next time .160708011
2016-07-08 17:33:15.715 | INFO  | main       | .ncpimpl.IssueThread:102   | not get the issue info ......waiting for next time .160708011
2016-07-08 17:35:15.749 | INFO  | main       | .ncpimpl.IssueThread:102   | not get the issue info ......waiting for next time .160708011
2016-07-08 17:37:15.784 | INFO  | main       | .ncpimpl.IssueThread:102   | not get the issue info ......waiting for next time .160708011
2016-07-08 17:39:15.818 | INFO  | main       | .ncpimpl.IssueThread:102   | not get the issue info ......waiting for next time .160708011
2016-07-08 17:41:15.854 | INFO  | main       | .ncpimpl.IssueThread:102   | not get the issue info ......waiting for next time .160708011
2016-07-08 18:02:21.615 | INFO  | main       | StartService        :18    | System Started ......
2016-07-08 18:02:21.693 | INFO  | main       | .config.SysParameter:48    | System begin to init the parameters.
2016-07-08 18:02:22.460 | INFO  | main       | .config.SysParameter:72    | System parameters loaded.
2016-07-08 18:02:22.470 | INFO  | main       | pl.FaceBookImplement:44    | facebook init ...
2016-07-08 18:02:23.538 | INFO  | main       | .ncpimpl.IssueThread:96    | get ncp curr issue info success... curr issue :160708011
2016-07-08 18:02:23.538 | INFO  | main       | pl.FaceBookImplement:157   | facebook post feed begin ... 
2016-07-08 18:02:26.303 | INFO  | main       | pl.FaceBookImplement:173   | facebook post feed id (1603887806588551_1617484425228889) ,message is: Lucky 5, issue no. 160708011 ,winning number is:2,7,11,4,9,url = http://kpwlottery.com/index.php/km?issue=160708011&wincode=2,7,11,4,9
2016-07-08 18:02:26.303 | INFO  | main       | .ncpimpl.IssueThread:111   | post curr issue info success ... curr issue :160708011
2016-07-08 18:02:26.304 | INFO  | main       | .ncpimpl.IssueThread:126   | System change curr issue to :160708012
2016-07-08 18:02:26.304 | INFO  | main       | .config.SysParameter:86    | System begin to save key:ncp.startissue
2016-07-08 18:02:26.312 | INFO  | main       | .config.SysParameter:100   | Save Issue Successful. value=160708012
2016-07-08 18:04:26.347 | INFO  | main       | .ncpimpl.IssueThread:102   | not get the issue info ......waiting for next time .160708012
2016-07-08 18:06:26.382 | INFO  | main       | .ncpimpl.IssueThread:102   | not get the issue info ......waiting for next time .160708012
2016-07-08 18:08:26.418 | INFO  | main       | .ncpimpl.IssueThread:102   | not get the issue info ......waiting for next time .160708012
2016-07-08 18:10:26.452 | INFO  | main       | .ncpimpl.IssueThread:102   | not get the issue info ......waiting for next time .160708012
2016-07-08 18:12:26.491 | INFO  | main       | .ncpimpl.IssueThread:102   | not get the issue info ......waiting for next time .160708012
2016-07-08 18:14:26.524 | INFO  | main       | .ncpimpl.IssueThread:102   | not get the issue info ......waiting for next time .160708012
2016-07-08 18:16:26.559 | INFO  | main       | .ncpimpl.IssueThread:102   | not get the issue info ......waiting for next time .160708012
2016-07-08 18:18:26.594 | INFO  | main       | .ncpimpl.IssueThread:102   | not get the issue info ......waiting for next time .160708012
2016-07-08 18:20:26.630 | INFO  | main       | .ncpimpl.IssueThread:102   | not get the issue info ......waiting for next time .160708012
2016-07-08 18:22:26.663 | INFO  | main       | .ncpimpl.IssueThread:102   | not get the issue info ......waiting for next time .160708012
2016-07-08 18:24:26.698 | INFO  | main       | .ncpimpl.IssueThread:102   | not get the issue info ......waiting for next time .160708012
2016-07-08 18:26:26.732 | INFO  | main       | .ncpimpl.IssueThread:102   | not get the issue info ......waiting for next time .160708012
2016-07-08 18:28:26.771 | INFO  | main       | .ncpimpl.IssueThread:102   | not get the issue info ......waiting for next time .160708012
2016-07-08 18:30:26.806 | INFO  | main       | .ncpimpl.IssueThread:102   | not get the issue info ......waiting for next time .160708012
2016-07-08 18:32:26.841 | INFO  | main       | .ncpimpl.IssueThread:102   | not get the issue info ......waiting for next time .160708012
2016-07-08 18:34:26.876 | INFO  | main       | .ncpimpl.IssueThread:102   | not get the issue info ......waiting for next time .160708012
2016-07-08 18:36:26.911 | INFO  | main       | .ncpimpl.IssueThread:102   | not get the issue info ......waiting for next time .160708012
2016-07-08 18:38:26.947 | INFO  | main       | .ncpimpl.IssueThread:102   | not get the issue info ......waiting for next time .160708012
2016-07-08 18:40:26.986 | INFO  | main       | .ncpimpl.IssueThread:102   | not get the issue info ......waiting for next time .160708012
2016-07-08 18:42:27.021 | INFO  | main       | .ncpimpl.IssueThread:102   | not get the issue info ......waiting for next time .160708012
2016-07-08 18:44:27.061 | INFO  | main       | .ncpimpl.IssueThread:102   | not get the issue info ......waiting for next time .160708012
2016-07-08 18:46:27.096 | INFO  | main       | .ncpimpl.IssueThread:102   | not get the issue info ......waiting for next time .160708012
2016-07-08 18:48:27.131 | INFO  | main       | .ncpimpl.IssueThread:102   | not get the issue info ......waiting for next time .160708012
2016-07-08 18:50:27.167 | INFO  | main       | .ncpimpl.IssueThread:102   | not get the issue info ......waiting for next time .160708012
2016-07-08 18:52:27.201 | INFO  | main       | .ncpimpl.IssueThread:102   | not get the issue info ......waiting for next time .160708012
2016-07-08 18:55:35.973 | INFO  | main       | StartService        :18    | System Started ......
2016-07-08 18:55:35.978 | INFO  | main       | .config.SysParameter:48    | System begin to init the parameters.
2016-07-08 18:55:36.113 | INFO  | main       | .config.SysParameter:72    | System parameters loaded.
2016-07-08 18:55:36.116 | INFO  | main       | pl.FaceBookImplement:44    | facebook init ...
2016-07-08 18:56:36.753 | INFO  | main       | .ncpimpl.IssueThread:102   | not get the issue info ......waiting for next time .160708012
2016-07-08 18:58:36.895 | INFO  | main       | .ncpimpl.IssueThread:102   | not get the issue info ......waiting for next time .160708012
2016-07-08 19:00:36.929 | INFO  | main       | .ncpimpl.IssueThread:102   | not get the issue info ......waiting for next time .160708012
2016-07-08 19:01:36.988 | INFO  | main       | .ncpimpl.IssueThread:96    | get ncp curr issue info success... curr issue :160708012
2016-07-08 19:01:36.988 | INFO  | main       | pl.FaceBookImplement:157   | facebook post feed begin ... 
2016-07-08 19:01:41.301 | INFO  | main       | pl.FaceBookImplement:173   | facebook post feed id (1603887806588551_1617510408559624) ,message is: Lucky 5, issue no. 160708012 ,winning number is:7,6,5,4,1,url = http://kpwlottery.com/index.php/km?issue=160708012&wincode=7,6,5,4,1
2016-07-08 19:01:41.302 | INFO  | main       | .ncpimpl.IssueThread:111   | post curr issue info success ... curr issue :160708012
2016-07-08 19:01:41.302 | INFO  | main       | .ncpimpl.IssueThread:126   | System change curr issue to :160709001
2016-07-08 19:01:41.302 | INFO  | main       | .config.SysParameter:86    | System begin to save key:ncp.startissue
2016-07-08 19:01:41.307 | INFO  | main       | .config.SysParameter:100   | Save Issue Successful. value=160709001
2016-07-08 19:03:41.309 | INFO  | main       | .ncpimpl.IssueThread:73    | todays issue has finished ....next issue ..160709001
2016-07-08 19:05:41.310 | INFO  | main       | .ncpimpl.IssueThread:73    | todays issue has finished ....next issue ..160709001
2016-07-08 19:07:41.312 | INFO  | main       | .ncpimpl.IssueThread:73    | todays issue has finished ....next issue ..160709001
2016-07-08 19:09:41.314 | INFO  | main       | .ncpimpl.IssueThread:73    | todays issue has finished ....next issue ..160709001
2016-07-08 19:11:41.315 | INFO  | main       | .ncpimpl.IssueThread:73    | todays issue has finished ....next issue ..160709001
2016-07-08 19:13:41.319 | INFO  | main       | .ncpimpl.IssueThread:73    | todays issue has finished ....next issue ..160709001
2016-07-08 19:15:41.320 | INFO  | main       | .ncpimpl.IssueThread:73    | todays issue has finished ....next issue ..160709001
2016-07-08 19:17:41.322 | INFO  | main       | .ncpimpl.IssueThread:73    | todays issue has finished ....next issue ..160709001
2016-07-08 19:19:41.325 | INFO  | main       | .ncpimpl.IssueThread:73    | todays issue has finished ....next issue ..160709001
2016-07-08 19:21:41.326 | INFO  | main       | .ncpimpl.IssueThread:73    | todays issue has finished ....next issue ..160709001
