2016-08-01 10:49:08.632 | INFO  | main       | pl.FaceBookImplement:44    | facebook init ...
2016-08-01 10:49:08.726 | INFO  | main       | .config.SysParameter:48    | System begin to init the parameters.
2016-08-01 10:49:09.101 | INFO  | main       | .config.SysParameter:72    | System parameters loaded.
2016-08-01 10:49:17.509 | INFO  | main       | pl.FaceBookImplement:79    | facebook test begin ... 
2016-08-01 10:49:21.458 | INFO  | main       | pl.FaceBookImplement:88    | facebook test end,we get the account of Lucky5 Community
2016-08-01 10:49:27.235 | INFO  | main       | pl.FaceBookImplement:157   | facebook post feed begin ... 
2016-08-01 10:49:29.857 | INFO  | main       | pl.FaceBookImplement:173   | facebook post feed id (1603887806588551_1627906010853397) ,message is: Issue no. 160612001 ,winning number:05,02,07,11,10,url = http://kpwlottery.com/index.php/km?issue=160612001&wincode=05,02,07,11,10
2016-08-01 10:49:42.189 | INFO  | main       | pl.FaceBookImplement:191   | facebook post page feed begin ... 
2016-08-01 10:49:42.564 | ERROR | main       | pl.FaceBookImplement:213   | facebook post feed failure, for message - (#12) singular published story API is deprecated for versions v2.4 and higher
code - 12
Relevant information for error recovery can be found on the Facebook Developers Document:
	https://developers.facebook.com/docs/graph-api/using-graph-api/#errors

2016-08-01 10:49:55.550 | ERROR | main       | pl.FaceBookImplement:147   | facebook post page url failure, for message - (#12) singular published story API is deprecated for versions v2.4 and higher
code - 12
Relevant information for error recovery can be found on the Facebook Developers Document:
	https://developers.facebook.com/docs/graph-api/using-graph-api/#errors

2016-08-01 13:28:06.897 | INFO  | main       | pl.FaceBookImplement:44    | facebook init ...
2016-08-01 13:28:06.913 | INFO  | main       | .config.SysParameter:48    | System begin to init the parameters.
2016-08-01 13:28:07.117 | INFO  | main       | .config.SysParameter:72    | System parameters loaded.
2016-08-01 13:28:12.704 | INFO  | main       | pl.FaceBookImplement:79    | facebook test begin ... 
2016-08-01 13:28:15.392 | INFO  | main       | pl.FaceBookImplement:93    | facebook test failure, for message - Error validating access token: Session has expired on Sunday, 31-Jul-16 22:00:00 PDT. The current time is Sunday, 31-Jul-16 23:28:14 PDT.
code - 190
subcode - 463
Relevant information for error recovery can be found on the Facebook Developers Document:
	https://developers.facebook.com/docs/graph-api/using-graph-api/#errors

2016-08-01 13:29:19.337 | INFO  | main       | pl.FaceBookImplement:44    | facebook init ...
2016-08-01 13:29:19.352 | INFO  | main       | .config.SysParameter:48    | System begin to init the parameters.
2016-08-01 13:29:19.430 | INFO  | main       | .config.SysParameter:72    | System parameters loaded.
2016-08-01 13:29:19.430 | INFO  | main       | pl.FaceBookImplement:79    | facebook test begin ... 
2016-08-01 13:29:20.257 | INFO  | main       | pl.FaceBookImplement:93    | facebook test failure, for message - (#100) Tried accessing nonexisting field (accounts) on node type (Page)
code - 100
Relevant information for error recovery can be found on the Facebook Developers Document:
	https://developers.facebook.com/docs/graph-api/using-graph-api/#errors

2016-08-01 13:29:20.508 | ERROR | main       | pl.FaceBookImplement:147   | facebook post page url failure, for message - (#12) singular published story API is deprecated for versions v2.4 and higher
code - 12
Relevant information for error recovery can be found on the Facebook Developers Document:
	https://developers.facebook.com/docs/graph-api/using-graph-api/#errors

2016-08-01 13:30:26.855 | INFO  | main       | pl.FaceBookImplement:44    | facebook init ...
2016-08-01 13:30:26.870 | INFO  | main       | .config.SysParameter:48    | System begin to init the parameters.
2016-08-01 13:30:27.074 | INFO  | main       | .config.SysParameter:72    | System parameters loaded.
2016-08-01 13:30:30.180 | INFO  | main       | pl.FaceBookImplement:79    | facebook test begin ... 
2016-08-01 13:30:33.088 | INFO  | main       | pl.FaceBookImplement:93    | facebook test failure, for message - (#100) Tried accessing nonexisting field (accounts) on node type (Page)
code - 100
Relevant information for error recovery can be found on the Facebook Developers Document:
	https://developers.facebook.com/docs/graph-api/using-graph-api/#errors

2016-08-01 13:31:53.837 | ERROR | main       | pl.FaceBookImplement:147   | facebook post page url failure, for message - (#1) An unknown error occurred
code - 1
Relevant information for error recovery can be found on the Facebook Developers Document:
	https://developers.facebook.com/docs/graph-api/using-graph-api/#errors

2016-08-01 15:45:32.912 | INFO  | main       | pl.FaceBookImplement:44    | facebook init ...
2016-08-01 15:45:32.912 | INFO  | main       | .config.SysParameter:48    | System begin to init the parameters.
2016-08-01 15:45:33.116 | INFO  | main       | .config.SysParameter:72    | System parameters loaded.
2016-08-01 15:45:34.785 | INFO  | main       | pl.FaceBookImplement:79    | facebook test begin ... 
2016-08-01 15:45:37.485 | INFO  | main       | pl.FaceBookImplement:93    | facebook test failure, for message - (#100) Tried accessing nonexisting field (accounts) on node type (Page)
code - 100
Relevant information for error recovery can be found on the Facebook Developers Document:
	https://developers.facebook.com/docs/graph-api/using-graph-api/#errors

2016-08-01 15:45:59.270 | ERROR | main       | pl.FaceBookImplement:147   | facebook post page url failure, for message - (#1) An unknown error occurred
code - 1
Relevant information for error recovery can be found on the Facebook Developers Document:
	https://developers.facebook.com/docs/graph-api/using-graph-api/#errors

2016-08-01 15:51:56.089 | INFO  | main       | .config.SysParameter:48    | System begin to init the parameters.
2016-08-01 15:51:56.198 | INFO  | main       | .config.SysParameter:72    | System parameters loaded.
2016-08-01 15:52:00.989 | INFO  | main       | pl.FaceBookImplement:44    | facebook init ...
2016-08-01 15:52:02.365 | INFO  | main       | pl.FaceBookImplement:79    | facebook test begin ... 
2016-08-01 15:52:05.054 | INFO  | main       | pl.FaceBookImplement:93    | facebook test failure, for message - (#100) Tried accessing nonexisting field (accounts) on node type (Page)
code - 100
Relevant information for error recovery can be found on the Facebook Developers Document:
	https://developers.facebook.com/docs/graph-api/using-graph-api/#errors

2016-08-01 15:52:56.851 | ERROR | main       | pl.FaceBookImplement:147   | facebook post page url failure, for message - (#1) An unknown error occurred
code - 1
Relevant information for error recovery can be found on the Facebook Developers Document:
	https://developers.facebook.com/docs/graph-api/using-graph-api/#errors

