2016-07-04 08:19:11.575 | INFO  | main       | .ncpimpl.IssueThread:73    | todays issue has finished ....next issue ..160704001
2016-07-04 08:21:08.620 | INFO  | main       | StartService        :18    | System Started ......
2016-07-04 08:21:08.668 | INFO  | main       | pl.FaceBookImplement:44    | facebook init ...
2016-07-04 08:21:08.672 | INFO  | main       | .config.SysParameter:48    | System begin to init the parameters.
2016-07-04 08:21:08.770 | INFO  | main       | .config.SysParameter:72    | System parameters loaded.
2016-07-04 08:21:09.029 | INFO  | main       | pl.FaceBookImplement:232   | facebook fresh token post url : https://graph.facebook.com/oauth/access_token?client_secret=b1bb931e34063397d7ea833c2b60e26b&grant_type=fb_exchange_token&fb_exchange_token=EAAH34ErnOZAEBAJdYCc67MCEsMehmdChPNyCJMTifvXKl2we7VsWzCG50mnjzb5FA11jH0CqJm5AWrLGWoJ53GKrZAo15nYGSKcccjM9AaEy6zBwVOHo4kwMxId6Aipwe9W0riID9ZAEHXmtKZAumzqF2TgAhCYZD&client_id=554017678113169
2016-07-04 08:21:10.248 | INFO  | main       | .config.SysParameter:86    | System begin to save key:facebook.accesstoken
2016-07-04 08:21:10.254 | INFO  | main       | .config.SysParameter:100   | Save Issue Successful. value=EAAH34ErnOZAEBAHrnW0QISG4uW4Nob33qxwfjFSi1pLGNLCraYNNKfdMZCp0ZCEjw55cDV4QomZAQdb0ztWonGRplbjbiQwURIBF08hKEVlkH3Od8dtLstzuOfRtLbmnZBGcZAT3lkFsdVtwSwkvA1y6rUZAg93SpwZD
2016-07-04 08:21:10.254 | INFO  | main       | mpl.FreshTokenThread:38    | fresh token alive ...
2016-07-04 08:22:10.226 | INFO  | main       | StartService        :18    | System Started ......
2016-07-04 08:22:10.232 | INFO  | main       | .config.SysParameter:48    | System begin to init the parameters.
2016-07-04 08:22:10.333 | INFO  | main       | .config.SysParameter:72    | System parameters loaded.
2016-07-04 08:22:10.335 | INFO  | main       | pl.FaceBookImplement:44    | facebook init ...
2016-07-04 08:22:11.172 | INFO  | main       | .ncpimpl.IssueThread:96    | get ncp curr issue info success... curr issue :160701009
2016-07-04 08:22:11.172 | INFO  | main       | pl.FaceBookImplement:157   | facebook post feed begin ... 
2016-07-04 08:22:12.806 | INFO  | main       | pl.FaceBookImplement:173   | facebook post feed id (1603887806588551_1615792898731375) ,message is: Lucky 5, issue no. 160701009 ,winning number is:9,7,5,8,4,url = http://kpwlottery.com/index.php/km?issue=160701009&wincode=9,7,5,8,4
2016-07-04 08:22:12.807 | INFO  | main       | .ncpimpl.IssueThread:111   | post curr issue info success ... curr issue :160701009
2016-07-04 08:22:12.807 | INFO  | main       | .ncpimpl.IssueThread:126   | System change curr issue to :160701010
2016-07-04 08:22:12.807 | INFO  | main       | .config.SysParameter:86    | System begin to save key:ncp.startissue
2016-07-04 08:22:12.812 | INFO  | main       | .config.SysParameter:100   | Save Issue Successful. value=160701010
2016-07-04 08:22:35.637 | INFO  | main       | StartService        :18    | System Started ......
2016-07-04 08:22:35.641 | INFO  | main       | .config.SysParameter:48    | System begin to init the parameters.
2016-07-04 08:22:35.739 | INFO  | main       | .config.SysParameter:72    | System parameters loaded.
2016-07-04 08:22:35.742 | INFO  | main       | pl.FaceBookImplement:44    | facebook init ...
2016-07-04 08:22:36.242 | INFO  | main       | .ncpimpl.IssueThread:96    | get ncp curr issue info success... curr issue :160704001
2016-07-04 08:22:36.242 | INFO  | main       | pl.FaceBookImplement:157   | facebook post feed begin ... 
2016-07-04 08:22:39.926 | INFO  | main       | pl.FaceBookImplement:173   | facebook post feed id (1603887806588551_1615792968731368) ,message is: Lucky 5, issue no. 160704001 ,winning number is:6,2,9,1,3,url = http://kpwlottery.com/index.php/km?issue=160704001&wincode=6,2,9,1,3
2016-07-04 08:22:39.927 | INFO  | main       | .ncpimpl.IssueThread:111   | post curr issue info success ... curr issue :160704001
2016-07-04 08:22:39.927 | INFO  | main       | .ncpimpl.IssueThread:126   | System change curr issue to :160704002
2016-07-04 08:22:39.927 | INFO  | main       | .config.SysParameter:86    | System begin to save key:ncp.startissue
2016-07-04 08:22:39.936 | INFO  | main       | .config.SysParameter:100   | Save Issue Successful. value=160704002
2016-07-04 08:24:39.970 | INFO  | main       | .ncpimpl.IssueThread:102   | not get the issue info ......waiting for next time .160704002
2016-07-04 08:26:40.013 | INFO  | main       | .ncpimpl.IssueThread:102   | not get the issue info ......waiting for next time .160704002
2016-07-04 08:28:40.050 | INFO  | main       | .ncpimpl.IssueThread:102   | not get the issue info ......waiting for next time .160704002
2016-07-04 08:30:40.097 | INFO  | main       | .ncpimpl.IssueThread:102   | not get the issue info ......waiting for next time .160704002
2016-07-04 08:32:40.138 | INFO  | main       | .ncpimpl.IssueThread:102   | not get the issue info ......waiting for next time .160704002
2016-07-04 08:34:40.177 | INFO  | main       | .ncpimpl.IssueThread:102   | not get the issue info ......waiting for next time .160704002
2016-07-04 08:36:40.217 | INFO  | main       | .ncpimpl.IssueThread:102   | not get the issue info ......waiting for next time .160704002
2016-07-04 08:38:40.253 | INFO  | main       | .ncpimpl.IssueThread:102   | not get the issue info ......waiting for next time .160704002
2016-07-04 08:40:40.287 | INFO  | main       | .ncpimpl.IssueThread:102   | not get the issue info ......waiting for next time .160704002
2016-07-04 08:42:40.333 | INFO  | main       | .ncpimpl.IssueThread:102   | not get the issue info ......waiting for next time .160704002
2016-07-04 08:44:40.369 | INFO  | main       | .ncpimpl.IssueThread:102   | not get the issue info ......waiting for next time .160704002
2016-07-04 08:46:40.410 | INFO  | main       | .ncpimpl.IssueThread:102   | not get the issue info ......waiting for next time .160704002
2016-07-04 08:48:40.447 | INFO  | main       | .ncpimpl.IssueThread:102   | not get the issue info ......waiting for next time .160704002
2016-07-04 08:50:40.488 | INFO  | main       | .ncpimpl.IssueThread:102   | not get the issue info ......waiting for next time .160704002
2016-07-04 08:52:40.523 | INFO  | main       | .ncpimpl.IssueThread:102   | not get the issue info ......waiting for next time .160704002
2016-07-04 08:54:40.566 | INFO  | main       | .ncpimpl.IssueThread:102   | not get the issue info ......waiting for next time .160704002
2016-07-04 08:56:40.607 | INFO  | main       | .ncpimpl.IssueThread:102   | not get the issue info ......waiting for next time .160704002
2016-07-04 08:58:40.650 | INFO  | main       | .ncpimpl.IssueThread:102   | not get the issue info ......waiting for next time .160704002
2016-07-04 09:00:40.692 | INFO  | main       | .ncpimpl.IssueThread:102   | not get the issue info ......waiting for next time .160704002
2016-07-04 09:01:40.750 | INFO  | main       | .ncpimpl.IssueThread:96    | get ncp curr issue info success... curr issue :160704002
2016-07-04 09:01:40.751 | INFO  | main       | pl.FaceBookImplement:157   | facebook post feed begin ... 
2016-07-04 09:01:44.533 | INFO  | main       | pl.FaceBookImplement:173   | facebook post feed id (1603887806588551_1615801858730479) ,message is: Lucky 5, issue no. 160704002 ,winning number is:9,7,8,5,1,url = http://kpwlottery.com/index.php/km?issue=160704002&wincode=9,7,8,5,1
2016-07-04 09:01:44.533 | INFO  | main       | .ncpimpl.IssueThread:111   | post curr issue info success ... curr issue :160704002
2016-07-04 09:01:44.534 | INFO  | main       | .ncpimpl.IssueThread:126   | System change curr issue to :160704003
2016-07-04 09:01:44.534 | INFO  | main       | .config.SysParameter:86    | System begin to save key:ncp.startissue
2016-07-04 09:01:44.542 | INFO  | main       | .config.SysParameter:100   | Save Issue Successful. value=160704003
2016-07-04 09:03:44.578 | INFO  | main       | .ncpimpl.IssueThread:102   | not get the issue info ......waiting for next time .160704003
2016-07-04 09:05:44.616 | INFO  | main       | .ncpimpl.IssueThread:102   | not get the issue info ......waiting for next time .160704003
2016-07-04 09:07:44.654 | INFO  | main       | .ncpimpl.IssueThread:102   | not get the issue info ......waiting for next time .160704003
2016-07-04 09:09:44.695 | INFO  | main       | .ncpimpl.IssueThread:102   | not get the issue info ......waiting for next time .160704003
2016-07-04 09:11:44.734 | INFO  | main       | .ncpimpl.IssueThread:102   | not get the issue info ......waiting for next time .160704003
2016-07-04 09:13:44.770 | INFO  | main       | .ncpimpl.IssueThread:102   | not get the issue info ......waiting for next time .160704003
2016-07-04 09:15:44.811 | INFO  | main       | .ncpimpl.IssueThread:102   | not get the issue info ......waiting for next time .160704003
2016-07-04 09:17:44.848 | INFO  | main       | .ncpimpl.IssueThread:102   | not get the issue info ......waiting for next time .160704003
2016-07-04 09:19:44.886 | INFO  | main       | .ncpimpl.IssueThread:102   | not get the issue info ......waiting for next time .160704003
2016-07-04 09:21:44.923 | INFO  | main       | .ncpimpl.IssueThread:102   | not get the issue info ......waiting for next time .160704003
2016-07-04 09:23:44.959 | INFO  | main       | .ncpimpl.IssueThread:102   | not get the issue info ......waiting for next time .160704003
2016-07-04 09:25:44.997 | INFO  | main       | .ncpimpl.IssueThread:102   | not get the issue info ......waiting for next time .160704003
2016-07-04 09:27:45.038 | INFO  | main       | .ncpimpl.IssueThread:102   | not get the issue info ......waiting for next time .160704003
2016-07-04 09:29:45.087 | INFO  | main       | .ncpimpl.IssueThread:102   | not get the issue info ......waiting for next time .160704003
2016-07-04 09:31:45.128 | INFO  | main       | .ncpimpl.IssueThread:102   | not get the issue info ......waiting for next time .160704003
2016-07-04 09:33:45.162 | INFO  | main       | .ncpimpl.IssueThread:102   | not get the issue info ......waiting for next time .160704003
2016-07-04 09:35:45.211 | INFO  | main       | .ncpimpl.IssueThread:102   | not get the issue info ......waiting for next time .160704003
2016-07-04 09:37:45.243 | INFO  | main       | .ncpimpl.IssueThread:102   | not get the issue info ......waiting for next time .160704003
2016-07-04 09:39:45.280 | INFO  | main       | .ncpimpl.IssueThread:102   | not get the issue info ......waiting for next time .160704003
2016-07-04 09:41:45.316 | INFO  | main       | .ncpimpl.IssueThread:102   | not get the issue info ......waiting for next time .160704003
2016-07-04 09:43:45.356 | INFO  | main       | .ncpimpl.IssueThread:102   | not get the issue info ......waiting for next time .160704003
2016-07-04 09:45:45.391 | INFO  | main       | .ncpimpl.IssueThread:102   | not get the issue info ......waiting for next time .160704003
2016-07-04 09:47:45.433 | INFO  | main       | .ncpimpl.IssueThread:102   | not get the issue info ......waiting for next time .160704003
2016-07-04 09:49:45.468 | INFO  | main       | .ncpimpl.IssueThread:102   | not get the issue info ......waiting for next time .160704003
2016-07-04 09:51:45.497 | INFO  | main       | .ncpimpl.IssueThread:102   | not get the issue info ......waiting for next time .160704003
2016-07-04 09:53:45.535 | INFO  | main       | .ncpimpl.IssueThread:102   | not get the issue info ......waiting for next time .160704003
2016-07-04 09:55:45.585 | INFO  | main       | .ncpimpl.IssueThread:102   | not get the issue info ......waiting for next time .160704003
2016-07-04 09:57:45.621 | INFO  | main       | .ncpimpl.IssueThread:102   | not get the issue info ......waiting for next time .160704003
2016-07-04 09:59:45.661 | INFO  | main       | .ncpimpl.IssueThread:102   | not get the issue info ......waiting for next time .160704003
2016-07-04 10:00:45.712 | INFO  | main       | .ncpimpl.IssueThread:96    | get ncp curr issue info success... curr issue :160704003
2016-07-04 10:00:45.712 | INFO  | main       | pl.FaceBookImplement:157   | facebook post feed begin ... 
2016-07-04 10:00:48.219 | INFO  | main       | pl.FaceBookImplement:173   | facebook post feed id (1603887806588551_1615819758728689) ,message is: Lucky 5, issue no. 160704003 ,winning number is:8,2,7,1,10,url = http://kpwlottery.com/index.php/km?issue=160704003&wincode=8,2,7,1,10
2016-07-04 10:00:48.220 | INFO  | main       | .ncpimpl.IssueThread:111   | post curr issue info success ... curr issue :160704003
2016-07-04 10:00:48.220 | INFO  | main       | .ncpimpl.IssueThread:126   | System change curr issue to :160704004
2016-07-04 10:00:48.220 | INFO  | main       | .config.SysParameter:86    | System begin to save key:ncp.startissue
2016-07-04 10:00:48.224 | INFO  | main       | .config.SysParameter:100   | Save Issue Successful. value=160704004
2016-07-04 10:02:48.265 | INFO  | main       | .ncpimpl.IssueThread:102   | not get the issue info ......waiting for next time .160704004
2016-07-04 10:04:48.299 | INFO  | main       | .ncpimpl.IssueThread:102   | not get the issue info ......waiting for next time .160704004
2016-07-04 10:06:48.342 | INFO  | main       | .ncpimpl.IssueThread:102   | not get the issue info ......waiting for next time .160704004
2016-07-04 10:08:48.382 | INFO  | main       | .ncpimpl.IssueThread:102   | not get the issue info ......waiting for next time .160704004
2016-07-04 10:10:48.423 | INFO  | main       | .ncpimpl.IssueThread:102   | not get the issue info ......waiting for next time .160704004
2016-07-04 10:12:48.465 | INFO  | main       | .ncpimpl.IssueThread:102   | not get the issue info ......waiting for next time .160704004
2016-07-04 10:14:48.506 | INFO  | main       | .ncpimpl.IssueThread:102   | not get the issue info ......waiting for next time .160704004
2016-07-04 10:16:48.559 | INFO  | main       | .ncpimpl.IssueThread:102   | not get the issue info ......waiting for next time .160704004
2016-07-04 10:18:48.594 | INFO  | main       | .ncpimpl.IssueThread:102   | not get the issue info ......waiting for next time .160704004
2016-07-04 10:20:48.640 | INFO  | main       | .ncpimpl.IssueThread:102   | not get the issue info ......waiting for next time .160704004
2016-07-04 10:22:48.691 | INFO  | main       | .ncpimpl.IssueThread:102   | not get the issue info ......waiting for next time .160704004
2016-07-04 10:24:48.725 | INFO  | main       | .ncpimpl.IssueThread:102   | not get the issue info ......waiting for next time .160704004
2016-07-04 10:26:48.762 | INFO  | main       | .ncpimpl.IssueThread:102   | not get the issue info ......waiting for next time .160704004
2016-07-04 10:28:48.820 | INFO  | main       | .ncpimpl.IssueThread:102   | not get the issue info ......waiting for next time .160704004
2016-07-04 10:30:48.865 | INFO  | main       | .ncpimpl.IssueThread:102   | not get the issue info ......waiting for next time .160704004
2016-07-04 10:32:48.910 | INFO  | main       | .ncpimpl.IssueThread:102   | not get the issue info ......waiting for next time .160704004
2016-07-04 10:34:48.955 | INFO  | main       | .ncpimpl.IssueThread:102   | not get the issue info ......waiting for next time .160704004
2016-07-04 10:36:49.001 | INFO  | main       | .ncpimpl.IssueThread:102   | not get the issue info ......waiting for next time .160704004
2016-07-04 10:38:49.050 | INFO  | main       | .ncpimpl.IssueThread:102   | not get the issue info ......waiting for next time .160704004
2016-07-04 10:40:49.091 | INFO  | main       | .ncpimpl.IssueThread:102   | not get the issue info ......waiting for next time .160704004
2016-07-04 10:42:49.138 | INFO  | main       | .ncpimpl.IssueThread:102   | not get the issue info ......waiting for next time .160704004
2016-07-04 10:44:49.195 | INFO  | main       | .ncpimpl.IssueThread:102   | not get the issue info ......waiting for next time .160704004
2016-07-04 10:46:49.239 | INFO  | main       | .ncpimpl.IssueThread:102   | not get the issue info ......waiting for next time .160704004
2016-07-04 10:48:49.283 | INFO  | main       | .ncpimpl.IssueThread:102   | not get the issue info ......waiting for next time .160704004
2016-07-04 10:50:49.319 | INFO  | main       | .ncpimpl.IssueThread:102   | not get the issue info ......waiting for next time .160704004
2016-07-04 10:52:49.359 | INFO  | main       | .ncpimpl.IssueThread:102   | not get the issue info ......waiting for next time .160704004
2016-07-04 10:54:49.399 | INFO  | main       | .ncpimpl.IssueThread:102   | not get the issue info ......waiting for next time .160704004
2016-07-04 10:56:49.437 | INFO  | main       | .ncpimpl.IssueThread:102   | not get the issue info ......waiting for next time .160704004
2016-07-04 10:58:49.478 | INFO  | main       | .ncpimpl.IssueThread:102   | not get the issue info ......waiting for next time .160704004
2016-07-04 11:00:49.519 | INFO  | main       | .ncpimpl.IssueThread:102   | not get the issue info ......waiting for next time .160704004
2016-07-04 11:01:49.567 | INFO  | main       | .ncpimpl.IssueThread:96    | get ncp curr issue info success... curr issue :160704004
2016-07-04 11:01:49.567 | INFO  | main       | pl.FaceBookImplement:157   | facebook post feed begin ... 
2016-07-04 11:01:51.877 | INFO  | main       | pl.FaceBookImplement:173   | facebook post feed id (1603887806588551_1615828882061110) ,message is: Lucky 5, issue no. 160704004 ,winning number is:4,8,3,5,2,url = http://kpwlottery.com/index.php/km?issue=160704004&wincode=4,8,3,5,2
2016-07-04 11:01:51.877 | INFO  | main       | .ncpimpl.IssueThread:111   | post curr issue info success ... curr issue :160704004
2016-07-04 11:01:51.877 | INFO  | main       | .ncpimpl.IssueThread:126   | System change curr issue to :160704005
2016-07-04 11:01:51.877 | INFO  | main       | .config.SysParameter:86    | System begin to save key:ncp.startissue
2016-07-04 11:01:51.887 | INFO  | main       | .config.SysParameter:100   | Save Issue Successful. value=160704005
2016-07-04 11:03:51.928 | INFO  | main       | .ncpimpl.IssueThread:102   | not get the issue info ......waiting for next time .160704005
2016-07-04 11:05:51.974 | INFO  | main       | .ncpimpl.IssueThread:102   | not get the issue info ......waiting for next time .160704005
2016-07-04 11:07:52.019 | INFO  | main       | .ncpimpl.IssueThread:102   | not get the issue info ......waiting for next time .160704005
2016-07-04 11:09:52.057 | INFO  | main       | .ncpimpl.IssueThread:102   | not get the issue info ......waiting for next time .160704005
2016-07-04 11:11:52.093 | INFO  | main       | .ncpimpl.IssueThread:102   | not get the issue info ......waiting for next time .160704005
2016-07-04 11:13:52.134 | INFO  | main       | .ncpimpl.IssueThread:102   | not get the issue info ......waiting for next time .160704005
2016-07-04 11:15:52.177 | INFO  | main       | .ncpimpl.IssueThread:102   | not get the issue info ......waiting for next time .160704005
2016-07-04 11:17:52.221 | INFO  | main       | .ncpimpl.IssueThread:102   | not get the issue info ......waiting for next time .160704005
2016-07-04 11:19:52.266 | INFO  | main       | .ncpimpl.IssueThread:102   | not get the issue info ......waiting for next time .160704005
2016-07-04 11:21:52.304 | INFO  | main       | .ncpimpl.IssueThread:102   | not get the issue info ......waiting for next time .160704005
2016-07-04 11:23:52.343 | INFO  | main       | .ncpimpl.IssueThread:102   | not get the issue info ......waiting for next time .160704005
2016-07-04 11:25:52.392 | INFO  | main       | .ncpimpl.IssueThread:102   | not get the issue info ......waiting for next time .160704005
2016-07-04 11:27:52.442 | INFO  | main       | .ncpimpl.IssueThread:102   | not get the issue info ......waiting for next time .160704005
2016-07-04 11:29:52.478 | INFO  | main       | .ncpimpl.IssueThread:102   | not get the issue info ......waiting for next time .160704005
2016-07-04 11:31:52.516 | INFO  | main       | .ncpimpl.IssueThread:102   | not get the issue info ......waiting for next time .160704005
2016-07-04 11:33:52.552 | INFO  | main       | .ncpimpl.IssueThread:102   | not get the issue info ......waiting for next time .160704005
2016-07-04 11:35:52.594 | INFO  | main       | .ncpimpl.IssueThread:102   | not get the issue info ......waiting for next time .160704005
2016-07-04 11:37:52.644 | INFO  | main       | .ncpimpl.IssueThread:102   | not get the issue info ......waiting for next time .160704005
2016-07-04 11:39:52.703 | INFO  | main       | .ncpimpl.IssueThread:102   | not get the issue info ......waiting for next time .160704005
2016-07-04 11:41:52.741 | INFO  | main       | .ncpimpl.IssueThread:102   | not get the issue info ......waiting for next time .160704005
2016-07-04 11:43:52.773 | INFO  | main       | .ncpimpl.IssueThread:102   | not get the issue info ......waiting for next time .160704005
2016-07-04 11:45:52.809 | INFO  | main       | .ncpimpl.IssueThread:102   | not get the issue info ......waiting for next time .160704005
2016-07-04 11:47:52.846 | INFO  | main       | .ncpimpl.IssueThread:102   | not get the issue info ......waiting for next time .160704005
2016-07-04 11:49:52.883 | INFO  | main       | .ncpimpl.IssueThread:102   | not get the issue info ......waiting for next time .160704005
2016-07-04 11:51:52.920 | INFO  | main       | .ncpimpl.IssueThread:102   | not get the issue info ......waiting for next time .160704005
2016-07-04 11:53:52.959 | INFO  | main       | .ncpimpl.IssueThread:102   | not get the issue info ......waiting for next time .160704005
2016-07-04 11:55:53.000 | INFO  | main       | .ncpimpl.IssueThread:102   | not get the issue info ......waiting for next time .160704005
2016-07-04 11:57:53.039 | INFO  | main       | .ncpimpl.IssueThread:102   | not get the issue info ......waiting for next time .160704005
2016-07-04 11:59:53.075 | INFO  | main       | .ncpimpl.IssueThread:102   | not get the issue info ......waiting for next time .160704005
2016-07-04 12:01:53.123 | INFO  | main       | .ncpimpl.IssueThread:102   | not get the issue info ......waiting for next time .160704005
2016-07-04 12:02:53.166 | INFO  | main       | .ncpimpl.IssueThread:96    | get ncp curr issue info success... curr issue :160704005
2016-07-04 12:02:53.167 | INFO  | main       | pl.FaceBookImplement:157   | facebook post feed begin ... 
2016-07-04 12:02:55.634 | INFO  | main       | pl.FaceBookImplement:173   | facebook post feed id (1603887806588551_1615840912059907) ,message is: Lucky 5, issue no. 160704005 ,winning number is:3,10,2,9,5,url = http://kpwlottery.com/index.php/km?issue=160704005&wincode=3,10,2,9,5
2016-07-04 12:02:55.634 | INFO  | main       | .ncpimpl.IssueThread:111   | post curr issue info success ... curr issue :160704005
2016-07-04 12:02:55.634 | INFO  | main       | .ncpimpl.IssueThread:126   | System change curr issue to :160704006
2016-07-04 12:02:55.634 | INFO  | main       | .config.SysParameter:86    | System begin to save key:ncp.startissue
2016-07-04 12:02:55.637 | INFO  | main       | .config.SysParameter:100   | Save Issue Successful. value=160704006
2016-07-04 12:04:55.675 | INFO  | main       | .ncpimpl.IssueThread:102   | not get the issue info ......waiting for next time .160704006
2016-07-04 12:06:55.717 | INFO  | main       | .ncpimpl.IssueThread:102   | not get the issue info ......waiting for next time .160704006
2016-07-04 12:08:55.755 | INFO  | main       | .ncpimpl.IssueThread:102   | not get the issue info ......waiting for next time .160704006
2016-07-04 12:10:55.796 | INFO  | main       | .ncpimpl.IssueThread:102   | not get the issue info ......waiting for next time .160704006
2016-07-04 12:12:55.844 | INFO  | main       | .ncpimpl.IssueThread:102   | not get the issue info ......waiting for next time .160704006
2016-07-04 12:14:55.882 | INFO  | main       | .ncpimpl.IssueThread:102   | not get the issue info ......waiting for next time .160704006
2016-07-04 12:16:55.915 | INFO  | main       | .ncpimpl.IssueThread:102   | not get the issue info ......waiting for next time .160704006
2016-07-04 12:18:55.959 | INFO  | main       | .ncpimpl.IssueThread:102   | not get the issue info ......waiting for next time .160704006
2016-07-04 12:20:56.001 | INFO  | main       | .ncpimpl.IssueThread:102   | not get the issue info ......waiting for next time .160704006
2016-07-04 12:22:56.043 | INFO  | main       | .ncpimpl.IssueThread:102   | not get the issue info ......waiting for next time .160704006
2016-07-04 12:24:56.081 | INFO  | main       | .ncpimpl.IssueThread:102   | not get the issue info ......waiting for next time .160704006
2016-07-04 12:26:56.124 | INFO  | main       | .ncpimpl.IssueThread:102   | not get the issue info ......waiting for next time .160704006
2016-07-04 12:28:56.167 | INFO  | main       | .ncpimpl.IssueThread:102   | not get the issue info ......waiting for next time .160704006
2016-07-04 12:30:56.203 | INFO  | main       | .ncpimpl.IssueThread:102   | not get the issue info ......waiting for next time .160704006
2016-07-04 12:32:56.249 | INFO  | main       | .ncpimpl.IssueThread:102   | not get the issue info ......waiting for next time .160704006
2016-07-04 12:34:56.288 | INFO  | main       | .ncpimpl.IssueThread:102   | not get the issue info ......waiting for next time .160704006
2016-07-04 12:36:56.328 | INFO  | main       | .ncpimpl.IssueThread:102   | not get the issue info ......waiting for next time .160704006
2016-07-04 12:38:56.364 | INFO  | main       | .ncpimpl.IssueThread:102   | not get the issue info ......waiting for next time .160704006
2016-07-04 12:40:56.405 | INFO  | main       | .ncpimpl.IssueThread:102   | not get the issue info ......waiting for next time .160704006
2016-07-04 12:42:56.440 | INFO  | main       | .ncpimpl.IssueThread:102   | not get the issue info ......waiting for next time .160704006
2016-07-04 12:44:56.488 | INFO  | main       | .ncpimpl.IssueThread:102   | not get the issue info ......waiting for next time .160704006
2016-07-04 12:46:56.533 | INFO  | main       | .ncpimpl.IssueThread:102   | not get the issue info ......waiting for next time .160704006
2016-07-04 12:48:56.573 | INFO  | main       | .ncpimpl.IssueThread:102   | not get the issue info ......waiting for next time .160704006
2016-07-04 12:50:56.620 | INFO  | main       | .ncpimpl.IssueThread:102   | not get the issue info ......waiting for next time .160704006
2016-07-04 12:52:56.692 | INFO  | main       | .ncpimpl.IssueThread:102   | not get the issue info ......waiting for next time .160704006
2016-07-04 12:54:56.729 | INFO  | main       | .ncpimpl.IssueThread:102   | not get the issue info ......waiting for next time .160704006
2016-07-04 12:56:56.779 | INFO  | main       | .ncpimpl.IssueThread:102   | not get the issue info ......waiting for next time .160704006
2016-07-04 12:58:56.823 | INFO  | main       | .ncpimpl.IssueThread:102   | not get the issue info ......waiting for next time .160704006
2016-07-04 13:00:56.858 | INFO  | main       | .ncpimpl.IssueThread:102   | not get the issue info ......waiting for next time .160704006
2016-07-04 13:01:56.903 | INFO  | main       | .ncpimpl.IssueThread:96    | get ncp curr issue info success... curr issue :160704006
2016-07-04 13:01:56.903 | INFO  | main       | pl.FaceBookImplement:157   | facebook post feed begin ... 
2016-07-04 13:02:00.274 | INFO  | main       | pl.FaceBookImplement:173   | facebook post feed id (1603887806588551_1615850312058967) ,message is: Lucky 5, issue no. 160704006 ,winning number is:5,3,6,9,2,url = http://kpwlottery.com/index.php/km?issue=160704006&wincode=5,3,6,9,2
2016-07-04 13:02:00.284 | INFO  | main       | .ncpimpl.IssueThread:111   | post curr issue info success ... curr issue :160704006
2016-07-04 13:02:00.284 | INFO  | main       | .ncpimpl.IssueThread:126   | System change curr issue to :160704007
2016-07-04 13:02:00.284 | INFO  | main       | .config.SysParameter:86    | System begin to save key:ncp.startissue
2016-07-04 13:02:00.294 | INFO  | main       | .config.SysParameter:100   | Save Issue Successful. value=160704007
2016-07-04 13:04:00.340 | INFO  | main       | .ncpimpl.IssueThread:102   | not get the issue info ......waiting for next time .160704007
2016-07-04 13:06:00.379 | INFO  | main       | .ncpimpl.IssueThread:102   | not get the issue info ......waiting for next time .160704007
2016-07-04 13:08:00.427 | INFO  | main       | .ncpimpl.IssueThread:102   | not get the issue info ......waiting for next time .160704007
2016-07-04 13:10:00.467 | INFO  | main       | .ncpimpl.IssueThread:102   | not get the issue info ......waiting for next time .160704007
2016-07-04 13:12:00.499 | INFO  | main       | .ncpimpl.IssueThread:102   | not get the issue info ......waiting for next time .160704007
2016-07-04 13:14:00.547 | INFO  | main       | .ncpimpl.IssueThread:102   | not get the issue info ......waiting for next time .160704007
2016-07-04 13:16:00.589 | INFO  | main       | .ncpimpl.IssueThread:102   | not get the issue info ......waiting for next time .160704007
2016-07-04 13:18:00.631 | INFO  | main       | .ncpimpl.IssueThread:102   | not get the issue info ......waiting for next time .160704007
2016-07-04 13:20:00.677 | INFO  | main       | .ncpimpl.IssueThread:102   | not get the issue info ......waiting for next time .160704007
2016-07-04 13:22:00.722 | INFO  | main       | .ncpimpl.IssueThread:102   | not get the issue info ......waiting for next time .160704007
2016-07-04 13:24:00.779 | INFO  | main       | .ncpimpl.IssueThread:102   | not get the issue info ......waiting for next time .160704007
2016-07-04 13:26:00.821 | INFO  | main       | .ncpimpl.IssueThread:102   | not get the issue info ......waiting for next time .160704007
2016-07-04 13:28:00.861 | INFO  | main       | .ncpimpl.IssueThread:102   | not get the issue info ......waiting for next time .160704007
2016-07-04 13:30:00.901 | INFO  | main       | .ncpimpl.IssueThread:102   | not get the issue info ......waiting for next time .160704007
2016-07-04 13:32:00.939 | INFO  | main       | .ncpimpl.IssueThread:102   | not get the issue info ......waiting for next time .160704007
2016-07-04 13:34:00.976 | INFO  | main       | .ncpimpl.IssueThread:102   | not get the issue info ......waiting for next time .160704007
2016-07-04 13:36:01.017 | INFO  | main       | .ncpimpl.IssueThread:102   | not get the issue info ......waiting for next time .160704007
2016-07-04 13:38:01.062 | INFO  | main       | .ncpimpl.IssueThread:102   | not get the issue info ......waiting for next time .160704007
2016-07-04 13:40:01.096 | INFO  | main       | .ncpimpl.IssueThread:102   | not get the issue info ......waiting for next time .160704007
2016-07-04 13:42:01.135 | INFO  | main       | .ncpimpl.IssueThread:102   | not get the issue info ......waiting for next time .160704007
2016-07-04 13:44:01.180 | INFO  | main       | .ncpimpl.IssueThread:102   | not get the issue info ......waiting for next time .160704007
2016-07-04 13:46:01.214 | INFO  | main       | .ncpimpl.IssueThread:102   | not get the issue info ......waiting for next time .160704007
2016-07-04 13:48:01.258 | INFO  | main       | .ncpimpl.IssueThread:102   | not get the issue info ......waiting for next time .160704007
2016-07-04 13:50:01.299 | INFO  | main       | .ncpimpl.IssueThread:102   | not get the issue info ......waiting for next time .160704007
2016-07-04 13:52:01.340 | INFO  | main       | .ncpimpl.IssueThread:102   | not get the issue info ......waiting for next time .160704007
2016-07-04 13:54:01.375 | INFO  | main       | .ncpimpl.IssueThread:102   | not get the issue info ......waiting for next time .160704007
2016-07-04 13:56:01.415 | INFO  | main       | .ncpimpl.IssueThread:102   | not get the issue info ......waiting for next time .160704007
2016-07-04 13:58:01.454 | INFO  | main       | .ncpimpl.IssueThread:102   | not get the issue info ......waiting for next time .160704007
2016-07-04 14:00:01.489 | INFO  | main       | .ncpimpl.IssueThread:102   | not get the issue info ......waiting for next time .160704007
2016-07-04 14:01:01.530 | INFO  | main       | .ncpimpl.IssueThread:96    | get ncp curr issue info success... curr issue :160704007
2016-07-04 14:01:01.531 | INFO  | main       | pl.FaceBookImplement:157   | facebook post feed begin ... 
2016-07-04 14:01:04.057 | INFO  | main       | pl.FaceBookImplement:173   | facebook post feed id (1603887806588551_1615860705391261) ,message is: Lucky 5, issue no. 160704007 ,winning number is:8,6,3,4,7,url = http://kpwlottery.com/index.php/km?issue=160704007&wincode=8,6,3,4,7
2016-07-04 14:01:04.057 | INFO  | main       | .ncpimpl.IssueThread:111   | post curr issue info success ... curr issue :160704007
2016-07-04 14:01:04.057 | INFO  | main       | .ncpimpl.IssueThread:126   | System change curr issue to :160704008
2016-07-04 14:01:04.057 | INFO  | main       | .config.SysParameter:86    | System begin to save key:ncp.startissue
2016-07-04 14:01:04.067 | INFO  | main       | .config.SysParameter:100   | Save Issue Successful. value=160704008
2016-07-04 14:03:04.104 | INFO  | main       | .ncpimpl.IssueThread:102   | not get the issue info ......waiting for next time .160704008
2016-07-04 14:05:04.140 | INFO  | main       | .ncpimpl.IssueThread:102   | not get the issue info ......waiting for next time .160704008
2016-07-04 14:07:04.189 | INFO  | main       | .ncpimpl.IssueThread:102   | not get the issue info ......waiting for next time .160704008
2016-07-04 14:09:04.233 | INFO  | main       | .ncpimpl.IssueThread:102   | not get the issue info ......waiting for next time .160704008
2016-07-04 14:11:04.275 | INFO  | main       | .ncpimpl.IssueThread:102   | not get the issue info ......waiting for next time .160704008
2016-07-04 14:13:04.331 | INFO  | main       | .ncpimpl.IssueThread:102   | not get the issue info ......waiting for next time .160704008
2016-07-04 14:15:04.372 | INFO  | main       | .ncpimpl.IssueThread:102   | not get the issue info ......waiting for next time .160704008
2016-07-04 14:17:04.409 | INFO  | main       | .ncpimpl.IssueThread:102   | not get the issue info ......waiting for next time .160704008
2016-07-04 14:19:04.455 | INFO  | main       | .ncpimpl.IssueThread:102   | not get the issue info ......waiting for next time .160704008
2016-07-04 14:21:04.498 | INFO  | main       | .ncpimpl.IssueThread:102   | not get the issue info ......waiting for next time .160704008
2016-07-04 14:23:04.535 | INFO  | main       | .ncpimpl.IssueThread:102   | not get the issue info ......waiting for next time .160704008
2016-07-04 14:25:04.575 | INFO  | main       | .ncpimpl.IssueThread:102   | not get the issue info ......waiting for next time .160704008
2016-07-04 14:27:04.625 | INFO  | main       | .ncpimpl.IssueThread:102   | not get the issue info ......waiting for next time .160704008
2016-07-04 14:29:04.663 | INFO  | main       | .ncpimpl.IssueThread:102   | not get the issue info ......waiting for next time .160704008
2016-07-04 14:31:04.703 | INFO  | main       | .ncpimpl.IssueThread:102   | not get the issue info ......waiting for next time .160704008
2016-07-04 14:33:04.738 | INFO  | main       | .ncpimpl.IssueThread:102   | not get the issue info ......waiting for next time .160704008
2016-07-04 14:35:04.788 | INFO  | main       | .ncpimpl.IssueThread:102   | not get the issue info ......waiting for next time .160704008
2016-07-04 14:37:04.834 | INFO  | main       | .ncpimpl.IssueThread:102   | not get the issue info ......waiting for next time .160704008
2016-07-04 14:39:04.877 | INFO  | main       | .ncpimpl.IssueThread:102   | not get the issue info ......waiting for next time .160704008
2016-07-04 14:41:04.916 | INFO  | main       | .ncpimpl.IssueThread:102   | not get the issue info ......waiting for next time .160704008
2016-07-04 14:43:04.957 | INFO  | main       | .ncpimpl.IssueThread:102   | not get the issue info ......waiting for next time .160704008
2016-07-04 14:45:04.994 | INFO  | main       | .ncpimpl.IssueThread:102   | not get the issue info ......waiting for next time .160704008
2016-07-04 14:47:05.028 | INFO  | main       | .ncpimpl.IssueThread:102   | not get the issue info ......waiting for next time .160704008
2016-07-04 14:49:05.071 | INFO  | main       | .ncpimpl.IssueThread:102   | not get the issue info ......waiting for next time .160704008
2016-07-04 14:51:05.109 | INFO  | main       | .ncpimpl.IssueThread:102   | not get the issue info ......waiting for next time .160704008
2016-07-04 14:53:05.150 | INFO  | main       | .ncpimpl.IssueThread:102   | not get the issue info ......waiting for next time .160704008
2016-07-04 14:55:05.196 | INFO  | main       | .ncpimpl.IssueThread:102   | not get the issue info ......waiting for next time .160704008
2016-07-04 14:57:05.237 | INFO  | main       | .ncpimpl.IssueThread:102   | not get the issue info ......waiting for next time .160704008
2016-07-04 14:59:05.285 | INFO  | main       | .ncpimpl.IssueThread:102   | not get the issue info ......waiting for next time .160704008
2016-07-04 15:01:05.330 | INFO  | main       | .ncpimpl.IssueThread:102   | not get the issue info ......waiting for next time .160704008
2016-07-04 15:02:05.379 | INFO  | main       | .ncpimpl.IssueThread:96    | get ncp curr issue info success... curr issue :160704008
2016-07-04 15:02:05.379 | INFO  | main       | pl.FaceBookImplement:157   | facebook post feed begin ... 
2016-07-04 15:02:07.849 | INFO  | main       | pl.FaceBookImplement:173   | facebook post feed id (1603887806588551_1615872175390114) ,message is: Lucky 5, issue no. 160704008 ,winning number is:1,3,11,5,6,url = http://kpwlottery.com/index.php/km?issue=160704008&wincode=1,3,11,5,6
2016-07-04 15:02:07.849 | INFO  | main       | .ncpimpl.IssueThread:111   | post curr issue info success ... curr issue :160704008
2016-07-04 15:02:07.849 | INFO  | main       | .ncpimpl.IssueThread:126   | System change curr issue to :160704009
2016-07-04 15:02:07.849 | INFO  | main       | .config.SysParameter:86    | System begin to save key:ncp.startissue
2016-07-04 15:02:07.859 | INFO  | main       | .config.SysParameter:100   | Save Issue Successful. value=160704009
2016-07-04 15:04:07.898 | INFO  | main       | .ncpimpl.IssueThread:102   | not get the issue info ......waiting for next time .160704009
2016-07-04 15:06:07.946 | INFO  | main       | .ncpimpl.IssueThread:102   | not get the issue info ......waiting for next time .160704009
2016-07-04 15:08:07.986 | INFO  | main       | .ncpimpl.IssueThread:102   | not get the issue info ......waiting for next time .160704009
2016-07-04 15:10:08.026 | INFO  | main       | .ncpimpl.IssueThread:102   | not get the issue info ......waiting for next time .160704009
2016-07-04 15:12:08.069 | INFO  | main       | .ncpimpl.IssueThread:102   | not get the issue info ......waiting for next time .160704009
2016-07-04 15:14:08.130 | INFO  | main       | .ncpimpl.IssueThread:102   | not get the issue info ......waiting for next time .160704009
2016-07-04 15:16:08.182 | INFO  | main       | .ncpimpl.IssueThread:102   | not get the issue info ......waiting for next time .160704009
2016-07-04 15:18:08.228 | INFO  | main       | .ncpimpl.IssueThread:102   | not get the issue info ......waiting for next time .160704009
2016-07-04 15:20:08.278 | INFO  | main       | .ncpimpl.IssueThread:102   | not get the issue info ......waiting for next time .160704009
2016-07-04 15:22:08.328 | INFO  | main       | .ncpimpl.IssueThread:102   | not get the issue info ......waiting for next time .160704009
2016-07-04 15:24:08.370 | INFO  | main       | .ncpimpl.IssueThread:102   | not get the issue info ......waiting for next time .160704009
2016-07-04 15:26:08.406 | INFO  | main       | .ncpimpl.IssueThread:102   | not get the issue info ......waiting for next time .160704009
2016-07-04 15:28:08.455 | INFO  | main       | .ncpimpl.IssueThread:102   | not get the issue info ......waiting for next time .160704009
2016-07-04 15:30:08.492 | INFO  | main       | .ncpimpl.IssueThread:102   | not get the issue info ......waiting for next time .160704009
2016-07-04 15:32:08.539 | INFO  | main       | .ncpimpl.IssueThread:102   | not get the issue info ......waiting for next time .160704009
2016-07-04 15:34:08.581 | INFO  | main       | .ncpimpl.IssueThread:102   | not get the issue info ......waiting for next time .160704009
2016-07-04 15:36:08.621 | INFO  | main       | .ncpimpl.IssueThread:102   | not get the issue info ......waiting for next time .160704009
2016-07-04 15:38:08.672 | INFO  | main       | .ncpimpl.IssueThread:102   | not get the issue info ......waiting for next time .160704009
2016-07-04 15:40:08.734 | INFO  | main       | .ncpimpl.IssueThread:102   | not get the issue info ......waiting for next time .160704009
2016-07-04 15:42:08.777 | INFO  | main       | .ncpimpl.IssueThread:102   | not get the issue info ......waiting for next time .160704009
2016-07-04 15:44:08.829 | INFO  | main       | .ncpimpl.IssueThread:102   | not get the issue info ......waiting for next time .160704009
2016-07-04 15:46:08.872 | INFO  | main       | .ncpimpl.IssueThread:102   | not get the issue info ......waiting for next time .160704009
2016-07-04 15:48:08.929 | INFO  | main       | .ncpimpl.IssueThread:102   | not get the issue info ......waiting for next time .160704009
2016-07-04 15:50:08.979 | INFO  | main       | .ncpimpl.IssueThread:102   | not get the issue info ......waiting for next time .160704009
2016-07-04 15:52:09.021 | INFO  | main       | .ncpimpl.IssueThread:102   | not get the issue info ......waiting for next time .160704009
2016-07-04 15:54:09.074 | INFO  | main       | .ncpimpl.IssueThread:102   | not get the issue info ......waiting for next time .160704009
2016-07-04 15:56:09.126 | INFO  | main       | .ncpimpl.IssueThread:102   | not get the issue info ......waiting for next time .160704009
2016-07-04 15:58:09.175 | INFO  | main       | .ncpimpl.IssueThread:102   | not get the issue info ......waiting for next time .160704009
2016-07-04 16:00:09.222 | INFO  | main       | .ncpimpl.IssueThread:102   | not get the issue info ......waiting for next time .160704009
2016-07-04 16:01:09.270 | INFO  | main       | .ncpimpl.IssueThread:96    | get ncp curr issue info success... curr issue :160704009
2016-07-04 16:01:09.270 | INFO  | main       | pl.FaceBookImplement:157   | facebook post feed begin ... 
2016-07-04 16:01:11.815 | INFO  | main       | pl.FaceBookImplement:173   | facebook post feed id (1603887806588551_1615888102055188) ,message is: Lucky 5, issue no. 160704009 ,winning number is:4,7,9,11,3,url = http://kpwlottery.com/index.php/km?issue=160704009&wincode=4,7,9,11,3
2016-07-04 16:01:11.815 | INFO  | main       | .ncpimpl.IssueThread:111   | post curr issue info success ... curr issue :160704009
2016-07-04 16:01:11.815 | INFO  | main       | .ncpimpl.IssueThread:126   | System change curr issue to :160704010
2016-07-04 16:01:11.815 | INFO  | main       | .config.SysParameter:86    | System begin to save key:ncp.startissue
2016-07-04 16:01:11.815 | INFO  | main       | .config.SysParameter:100   | Save Issue Successful. value=160704010
2016-07-04 16:03:11.883 | INFO  | main       | .ncpimpl.IssueThread:102   | not get the issue info ......waiting for next time .160704010
2016-07-04 16:05:11.935 | INFO  | main       | .ncpimpl.IssueThread:102   | not get the issue info ......waiting for next time .160704010
2016-07-04 16:07:11.980 | INFO  | main       | .ncpimpl.IssueThread:102   | not get the issue info ......waiting for next time .160704010
2016-07-04 16:09:12.040 | INFO  | main       | .ncpimpl.IssueThread:102   | not get the issue info ......waiting for next time .160704010
2016-07-04 16:11:12.100 | INFO  | main       | .ncpimpl.IssueThread:102   | not get the issue info ......waiting for next time .160704010
2016-07-04 16:13:12.151 | INFO  | main       | .ncpimpl.IssueThread:102   | not get the issue info ......waiting for next time .160704010
2016-07-04 16:15:12.194 | INFO  | main       | .ncpimpl.IssueThread:102   | not get the issue info ......waiting for next time .160704010
2016-07-04 16:17:12.231 | INFO  | main       | .ncpimpl.IssueThread:102   | not get the issue info ......waiting for next time .160704010
2016-07-04 16:19:12.277 | INFO  | main       | .ncpimpl.IssueThread:102   | not get the issue info ......waiting for next time .160704010
2016-07-04 16:21:12.329 | INFO  | main       | .ncpimpl.IssueThread:102   | not get the issue info ......waiting for next time .160704010
2016-07-04 16:23:12.385 | INFO  | main       | .ncpimpl.IssueThread:102   | not get the issue info ......waiting for next time .160704010
2016-07-04 16:25:12.428 | INFO  | main       | .ncpimpl.IssueThread:102   | not get the issue info ......waiting for next time .160704010
2016-07-04 16:27:12.473 | INFO  | main       | .ncpimpl.IssueThread:102   | not get the issue info ......waiting for next time .160704010
2016-07-04 16:29:12.514 | INFO  | main       | .ncpimpl.IssueThread:102   | not get the issue info ......waiting for next time .160704010
2016-07-04 16:31:12.554 | INFO  | main       | .ncpimpl.IssueThread:102   | not get the issue info ......waiting for next time .160704010
2016-07-04 16:33:12.597 | INFO  | main       | .ncpimpl.IssueThread:102   | not get the issue info ......waiting for next time .160704010
2016-07-04 16:35:12.639 | INFO  | main       | .ncpimpl.IssueThread:102   | not get the issue info ......waiting for next time .160704010
2016-07-04 16:37:12.685 | INFO  | main       | .ncpimpl.IssueThread:102   | not get the issue info ......waiting for next time .160704010
2016-07-04 16:39:12.732 | INFO  | main       | .ncpimpl.IssueThread:102   | not get the issue info ......waiting for next time .160704010
2016-07-04 16:41:12.771 | INFO  | main       | .ncpimpl.IssueThread:102   | not get the issue info ......waiting for next time .160704010
2016-07-04 16:43:12.805 | INFO  | main       | .ncpimpl.IssueThread:102   | not get the issue info ......waiting for next time .160704010
2016-07-04 16:45:12.847 | INFO  | main       | .ncpimpl.IssueThread:102   | not get the issue info ......waiting for next time .160704010
2016-07-04 16:47:12.884 | INFO  | main       | .ncpimpl.IssueThread:102   | not get the issue info ......waiting for next time .160704010
2016-07-04 16:49:12.922 | INFO  | main       | .ncpimpl.IssueThread:102   | not get the issue info ......waiting for next time .160704010
2016-07-04 16:51:12.965 | INFO  | main       | .ncpimpl.IssueThread:102   | not get the issue info ......waiting for next time .160704010
2016-07-04 16:53:12.999 | INFO  | main       | .ncpimpl.IssueThread:102   | not get the issue info ......waiting for next time .160704010
2016-07-04 16:55:13.038 | INFO  | main       | .ncpimpl.IssueThread:102   | not get the issue info ......waiting for next time .160704010
2016-07-04 16:57:13.078 | INFO  | main       | .ncpimpl.IssueThread:102   | not get the issue info ......waiting for next time .160704010
2016-07-04 16:59:13.112 | INFO  | main       | .ncpimpl.IssueThread:102   | not get the issue info ......waiting for next time .160704010
2016-07-04 17:01:13.151 | INFO  | main       | .ncpimpl.IssueThread:102   | not get the issue info ......waiting for next time .160704010
2016-07-04 17:02:13.195 | INFO  | main       | .ncpimpl.IssueThread:96    | get ncp curr issue info success... curr issue :160704010
2016-07-04 17:02:13.195 | INFO  | main       | pl.FaceBookImplement:157   | facebook post feed begin ... 
2016-07-04 17:02:17.373 | INFO  | main       | pl.FaceBookImplement:173   | facebook post feed id (1603887806588551_1615896022054396) ,message is: Lucky 5, issue no. 160704010 ,winning number is:9,4,8,11,7,url = http://kpwlottery.com/index.php/km?issue=160704010&wincode=9,4,8,11,7
2016-07-04 17:02:17.373 | INFO  | main       | .ncpimpl.IssueThread:111   | post curr issue info success ... curr issue :160704010
2016-07-04 17:02:17.373 | INFO  | main       | .ncpimpl.IssueThread:126   | System change curr issue to :160704011
2016-07-04 17:02:17.373 | INFO  | main       | .config.SysParameter:86    | System begin to save key:ncp.startissue
2016-07-04 17:02:17.383 | INFO  | main       | .config.SysParameter:100   | Save Issue Successful. value=160704011
2016-07-04 17:04:17.428 | INFO  | main       | .ncpimpl.IssueThread:102   | not get the issue info ......waiting for next time .160704011
2016-07-04 17:06:17.472 | INFO  | main       | .ncpimpl.IssueThread:102   | not get the issue info ......waiting for next time .160704011
2016-07-04 17:08:17.515 | INFO  | main       | .ncpimpl.IssueThread:102   | not get the issue info ......waiting for next time .160704011
2016-07-04 17:09:38.516 | INFO  | main       | tils.HttpClientUtils:120   | post
java.net.ConnectException: Connection timed out: connect
	at java.net.PlainSocketImpl.socketConnect(Native Method) ~[?:1.6.0_14]
	at java.net.PlainSocketImpl.doConnect(PlainSocketImpl.java:333) ~[?:1.6.0_14]
	at java.net.PlainSocketImpl.connectToAddress(PlainSocketImpl.java:195) ~[?:1.6.0_14]
	at java.net.PlainSocketImpl.connect(PlainSocketImpl.java:182) ~[?:1.6.0_14]
	at java.net.SocksSocketImpl.connect(SocksSocketImpl.java:366) ~[?:1.6.0_14]
	at java.net.Socket.connect(Socket.java:519) ~[?:1.6.0_14]
	at java.net.Socket.connect(Socket.java:469) ~[?:1.6.0_14]
	at sun.net.NetworkClient.doConnect(NetworkClient.java:163) ~[?:1.6.0_14]
	at sun.net.www.http.HttpClient.openServer(HttpClient.java:394) ~[?:1.6.0_14]
	at sun.net.www.http.HttpClient.openServer(HttpClient.java:529) ~[?:1.6.0_14]
	at sun.net.www.http.HttpClient.<init>(HttpClient.java:233) ~[?:1.6.0_14]
	at sun.net.www.http.HttpClient.New(HttpClient.java:306) ~[?:1.6.0_14]
	at sun.net.www.http.HttpClient.New(HttpClient.java:323) ~[?:1.6.0_14]
	at sun.net.www.protocol.http.HttpURLConnection.getNewHttpClient(HttpURLConnection.java:852) ~[?:1.6.0_14]
	at sun.net.www.protocol.http.HttpURLConnection.plainConnect(HttpURLConnection.java:793) ~[?:1.6.0_14]
	at sun.net.www.protocol.http.HttpURLConnection.connect(HttpURLConnection.java:718) ~[?:1.6.0_14]
	at sun.net.www.protocol.http.HttpURLConnection.getInputStream(HttpURLConnection.java:1041) ~[?:1.6.0_14]
	at java.net.HttpURLConnection.getResponseCode(HttpURLConnection.java:373) ~[?:1.6.0_14]
	at cls.pilottery.common.utils.HttpClientUtils.get(HttpClientUtils.java:103) [classes/:?]
	at cls.facebook.ncpimpl.IssueThread.run(IssueThread.java:89) [classes/:?]
	at StartService.main(StartService.java:26) [classes/:?]
2016-07-04 17:10:38.531 | INFO  | main       | .ncpimpl.IssueThread:102   | not get the issue info ......waiting for next time .160704011
2016-07-04 17:11:59.555 | INFO  | main       | tils.HttpClientUtils:120   | post
java.net.ConnectException: Connection timed out: connect
	at java.net.PlainSocketImpl.socketConnect(Native Method) ~[?:1.6.0_14]
	at java.net.PlainSocketImpl.doConnect(PlainSocketImpl.java:333) ~[?:1.6.0_14]
	at java.net.PlainSocketImpl.connectToAddress(PlainSocketImpl.java:195) ~[?:1.6.0_14]
	at java.net.PlainSocketImpl.connect(PlainSocketImpl.java:182) ~[?:1.6.0_14]
	at java.net.SocksSocketImpl.connect(SocksSocketImpl.java:366) ~[?:1.6.0_14]
	at java.net.Socket.connect(Socket.java:519) ~[?:1.6.0_14]
	at java.net.Socket.connect(Socket.java:469) ~[?:1.6.0_14]
	at sun.net.NetworkClient.doConnect(NetworkClient.java:163) ~[?:1.6.0_14]
	at sun.net.www.http.HttpClient.openServer(HttpClient.java:394) ~[?:1.6.0_14]
	at sun.net.www.http.HttpClient.openServer(HttpClient.java:529) ~[?:1.6.0_14]
	at sun.net.www.http.HttpClient.<init>(HttpClient.java:233) ~[?:1.6.0_14]
	at sun.net.www.http.HttpClient.New(HttpClient.java:306) ~[?:1.6.0_14]
	at sun.net.www.http.HttpClient.New(HttpClient.java:323) ~[?:1.6.0_14]
	at sun.net.www.protocol.http.HttpURLConnection.getNewHttpClient(HttpURLConnection.java:852) ~[?:1.6.0_14]
	at sun.net.www.protocol.http.HttpURLConnection.plainConnect(HttpURLConnection.java:793) ~[?:1.6.0_14]
	at sun.net.www.protocol.http.HttpURLConnection.connect(HttpURLConnection.java:718) ~[?:1.6.0_14]
	at sun.net.www.protocol.http.HttpURLConnection.getInputStream(HttpURLConnection.java:1041) ~[?:1.6.0_14]
	at java.net.HttpURLConnection.getResponseCode(HttpURLConnection.java:373) ~[?:1.6.0_14]
	at cls.pilottery.common.utils.HttpClientUtils.get(HttpClientUtils.java:103) [classes/:?]
	at cls.facebook.ncpimpl.IssueThread.run(IssueThread.java:89) [classes/:?]
	at StartService.main(StartService.java:26) [classes/:?]
2016-07-04 17:12:59.560 | INFO  | main       | .ncpimpl.IssueThread:102   | not get the issue info ......waiting for next time .160704011
2016-07-04 17:14:20.582 | INFO  | main       | tils.HttpClientUtils:120   | post
java.net.ConnectException: Connection timed out: connect
	at java.net.PlainSocketImpl.socketConnect(Native Method) ~[?:1.6.0_14]
	at java.net.PlainSocketImpl.doConnect(PlainSocketImpl.java:333) ~[?:1.6.0_14]
	at java.net.PlainSocketImpl.connectToAddress(PlainSocketImpl.java:195) ~[?:1.6.0_14]
	at java.net.PlainSocketImpl.connect(PlainSocketImpl.java:182) ~[?:1.6.0_14]
	at java.net.SocksSocketImpl.connect(SocksSocketImpl.java:366) ~[?:1.6.0_14]
	at java.net.Socket.connect(Socket.java:519) ~[?:1.6.0_14]
	at java.net.Socket.connect(Socket.java:469) ~[?:1.6.0_14]
	at sun.net.NetworkClient.doConnect(NetworkClient.java:163) ~[?:1.6.0_14]
	at sun.net.www.http.HttpClient.openServer(HttpClient.java:394) ~[?:1.6.0_14]
	at sun.net.www.http.HttpClient.openServer(HttpClient.java:529) ~[?:1.6.0_14]
	at sun.net.www.http.HttpClient.<init>(HttpClient.java:233) ~[?:1.6.0_14]
	at sun.net.www.http.HttpClient.New(HttpClient.java:306) ~[?:1.6.0_14]
	at sun.net.www.http.HttpClient.New(HttpClient.java:323) ~[?:1.6.0_14]
	at sun.net.www.protocol.http.HttpURLConnection.getNewHttpClient(HttpURLConnection.java:852) ~[?:1.6.0_14]
	at sun.net.www.protocol.http.HttpURLConnection.plainConnect(HttpURLConnection.java:793) ~[?:1.6.0_14]
	at sun.net.www.protocol.http.HttpURLConnection.connect(HttpURLConnection.java:718) ~[?:1.6.0_14]
	at sun.net.www.protocol.http.HttpURLConnection.getInputStream(HttpURLConnection.java:1041) ~[?:1.6.0_14]
	at java.net.HttpURLConnection.getResponseCode(HttpURLConnection.java:373) ~[?:1.6.0_14]
	at cls.pilottery.common.utils.HttpClientUtils.get(HttpClientUtils.java:103) [classes/:?]
	at cls.facebook.ncpimpl.IssueThread.run(IssueThread.java:89) [classes/:?]
	at StartService.main(StartService.java:26) [classes/:?]
2016-07-04 17:15:20.583 | INFO  | main       | .ncpimpl.IssueThread:102   | not get the issue info ......waiting for next time .160704011
2016-07-04 17:16:41.604 | INFO  | main       | tils.HttpClientUtils:120   | post
java.net.ConnectException: Connection timed out: connect
	at java.net.PlainSocketImpl.socketConnect(Native Method) ~[?:1.6.0_14]
	at java.net.PlainSocketImpl.doConnect(PlainSocketImpl.java:333) ~[?:1.6.0_14]
	at java.net.PlainSocketImpl.connectToAddress(PlainSocketImpl.java:195) ~[?:1.6.0_14]
	at java.net.PlainSocketImpl.connect(PlainSocketImpl.java:182) ~[?:1.6.0_14]
	at java.net.SocksSocketImpl.connect(SocksSocketImpl.java:366) ~[?:1.6.0_14]
	at java.net.Socket.connect(Socket.java:519) ~[?:1.6.0_14]
	at java.net.Socket.connect(Socket.java:469) ~[?:1.6.0_14]
	at sun.net.NetworkClient.doConnect(NetworkClient.java:163) ~[?:1.6.0_14]
	at sun.net.www.http.HttpClient.openServer(HttpClient.java:394) ~[?:1.6.0_14]
	at sun.net.www.http.HttpClient.openServer(HttpClient.java:529) ~[?:1.6.0_14]
	at sun.net.www.http.HttpClient.<init>(HttpClient.java:233) ~[?:1.6.0_14]
	at sun.net.www.http.HttpClient.New(HttpClient.java:306) ~[?:1.6.0_14]
	at sun.net.www.http.HttpClient.New(HttpClient.java:323) ~[?:1.6.0_14]
	at sun.net.www.protocol.http.HttpURLConnection.getNewHttpClient(HttpURLConnection.java:852) ~[?:1.6.0_14]
	at sun.net.www.protocol.http.HttpURLConnection.plainConnect(HttpURLConnection.java:793) ~[?:1.6.0_14]
	at sun.net.www.protocol.http.HttpURLConnection.connect(HttpURLConnection.java:718) ~[?:1.6.0_14]
	at sun.net.www.protocol.http.HttpURLConnection.getInputStream(HttpURLConnection.java:1041) ~[?:1.6.0_14]
	at java.net.HttpURLConnection.getResponseCode(HttpURLConnection.java:373) ~[?:1.6.0_14]
	at cls.pilottery.common.utils.HttpClientUtils.get(HttpClientUtils.java:103) [classes/:?]
	at cls.facebook.ncpimpl.IssueThread.run(IssueThread.java:89) [classes/:?]
	at StartService.main(StartService.java:26) [classes/:?]
2016-07-04 17:17:41.604 | INFO  | main       | .ncpimpl.IssueThread:102   | not get the issue info ......waiting for next time .160704011
2016-07-04 17:19:02.609 | INFO  | main       | tils.HttpClientUtils:120   | post
java.net.ConnectException: Connection timed out: connect
	at java.net.PlainSocketImpl.socketConnect(Native Method) ~[?:1.6.0_14]
	at java.net.PlainSocketImpl.doConnect(PlainSocketImpl.java:333) ~[?:1.6.0_14]
	at java.net.PlainSocketImpl.connectToAddress(PlainSocketImpl.java:195) ~[?:1.6.0_14]
	at java.net.PlainSocketImpl.connect(PlainSocketImpl.java:182) ~[?:1.6.0_14]
	at java.net.SocksSocketImpl.connect(SocksSocketImpl.java:366) ~[?:1.6.0_14]
	at java.net.Socket.connect(Socket.java:519) ~[?:1.6.0_14]
	at java.net.Socket.connect(Socket.java:469) ~[?:1.6.0_14]
	at sun.net.NetworkClient.doConnect(NetworkClient.java:163) ~[?:1.6.0_14]
	at sun.net.www.http.HttpClient.openServer(HttpClient.java:394) ~[?:1.6.0_14]
	at sun.net.www.http.HttpClient.openServer(HttpClient.java:529) ~[?:1.6.0_14]
	at sun.net.www.http.HttpClient.<init>(HttpClient.java:233) ~[?:1.6.0_14]
	at sun.net.www.http.HttpClient.New(HttpClient.java:306) ~[?:1.6.0_14]
	at sun.net.www.http.HttpClient.New(HttpClient.java:323) ~[?:1.6.0_14]
	at sun.net.www.protocol.http.HttpURLConnection.getNewHttpClient(HttpURLConnection.java:852) ~[?:1.6.0_14]
	at sun.net.www.protocol.http.HttpURLConnection.plainConnect(HttpURLConnection.java:793) ~[?:1.6.0_14]
	at sun.net.www.protocol.http.HttpURLConnection.connect(HttpURLConnection.java:718) ~[?:1.6.0_14]
	at sun.net.www.protocol.http.HttpURLConnection.getInputStream(HttpURLConnection.java:1041) ~[?:1.6.0_14]
	at java.net.HttpURLConnection.getResponseCode(HttpURLConnection.java:373) ~[?:1.6.0_14]
	at cls.pilottery.common.utils.HttpClientUtils.get(HttpClientUtils.java:103) [classes/:?]
	at cls.facebook.ncpimpl.IssueThread.run(IssueThread.java:89) [classes/:?]
	at StartService.main(StartService.java:26) [classes/:?]
2016-07-04 17:20:02.618 | INFO  | main       | .ncpimpl.IssueThread:102   | not get the issue info ......waiting for next time .160704011
2016-07-04 17:22:02.655 | INFO  | main       | .ncpimpl.IssueThread:102   | not get the issue info ......waiting for next time .160704011
2016-07-04 17:24:02.702 | INFO  | main       | .ncpimpl.IssueThread:102   | not get the issue info ......waiting for next time .160704011
2016-07-04 17:26:02.744 | INFO  | main       | .ncpimpl.IssueThread:102   | not get the issue info ......waiting for next time .160704011
2016-07-04 17:28:02.792 | INFO  | main       | .ncpimpl.IssueThread:102   | not get the issue info ......waiting for next time .160704011
2016-07-04 17:30:02.758 | INFO  | main       | .ncpimpl.IssueThread:102   | not get the issue info ......waiting for next time .160704011
2016-07-04 17:32:02.800 | INFO  | main       | .ncpimpl.IssueThread:102   | not get the issue info ......waiting for next time .160704011
2016-07-04 17:34:02.842 | INFO  | main       | .ncpimpl.IssueThread:102   | not get the issue info ......waiting for next time .160704011
2016-07-04 17:36:02.875 | INFO  | main       | .ncpimpl.IssueThread:102   | not get the issue info ......waiting for next time .160704011
2016-07-04 17:38:02.920 | INFO  | main       | .ncpimpl.IssueThread:102   | not get the issue info ......waiting for next time .160704011
2016-07-04 17:40:02.959 | INFO  | main       | .ncpimpl.IssueThread:102   | not get the issue info ......waiting for next time .160704011
2016-07-04 17:42:02.995 | INFO  | main       | .ncpimpl.IssueThread:102   | not get the issue info ......waiting for next time .160704011
2016-07-04 17:44:03.027 | INFO  | main       | .ncpimpl.IssueThread:102   | not get the issue info ......waiting for next time .160704011
2016-07-04 17:46:03.161 | INFO  | main       | .ncpimpl.IssueThread:102   | not get the issue info ......waiting for next time .160704011
2016-07-04 17:48:03.203 | INFO  | main       | .ncpimpl.IssueThread:102   | not get the issue info ......waiting for next time .160704011
2016-07-04 17:50:03.236 | INFO  | main       | .ncpimpl.IssueThread:102   | not get the issue info ......waiting for next time .160704011
2016-07-04 17:52:03.272 | INFO  | main       | .ncpimpl.IssueThread:102   | not get the issue info ......waiting for next time .160704011
2016-07-04 17:54:03.313 | INFO  | main       | .ncpimpl.IssueThread:102   | not get the issue info ......waiting for next time .160704011
2016-07-04 17:56:03.354 | INFO  | main       | .ncpimpl.IssueThread:102   | not get the issue info ......waiting for next time .160704011
2016-07-04 17:58:03.382 | INFO  | main       | .ncpimpl.IssueThread:102   | not get the issue info ......waiting for next time .160704011
2016-07-04 18:00:03.425 | INFO  | main       | .ncpimpl.IssueThread:102   | not get the issue info ......waiting for next time .160704011
2016-07-04 18:01:03.471 | INFO  | main       | .ncpimpl.IssueThread:96    | get ncp curr issue info success... curr issue :160704011
2016-07-04 18:01:03.471 | INFO  | main       | pl.FaceBookImplement:157   | facebook post feed begin ... 
2016-07-04 18:01:05.861 | INFO  | main       | pl.FaceBookImplement:173   | facebook post feed id (1603887806588551_1615909418719723) ,message is: Lucky 5, issue no. 160704011 ,winning number is:3,10,1,4,7,url = http://kpwlottery.com/index.php/km?issue=160704011&wincode=3,10,1,4,7
2016-07-04 18:01:05.861 | INFO  | main       | .ncpimpl.IssueThread:111   | post curr issue info success ... curr issue :160704011
2016-07-04 18:01:05.861 | INFO  | main       | .ncpimpl.IssueThread:126   | System change curr issue to :160704012
2016-07-04 18:01:05.861 | INFO  | main       | .config.SysParameter:86    | System begin to save key:ncp.startissue
2016-07-04 18:01:05.871 | INFO  | main       | .config.SysParameter:100   | Save Issue Successful. value=160704012
2016-07-04 18:03:05.929 | INFO  | main       | .ncpimpl.IssueThread:102   | not get the issue info ......waiting for next time .160704012
2016-07-04 18:05:05.977 | INFO  | main       | .ncpimpl.IssueThread:102   | not get the issue info ......waiting for next time .160704012
2016-07-04 18:07:06.017 | INFO  | main       | .ncpimpl.IssueThread:102   | not get the issue info ......waiting for next time .160704012
2016-07-04 18:09:06.085 | INFO  | main       | .ncpimpl.IssueThread:102   | not get the issue info ......waiting for next time .160704012
2016-07-04 18:11:06.124 | INFO  | main       | .ncpimpl.IssueThread:102   | not get the issue info ......waiting for next time .160704012
2016-07-04 18:13:06.165 | INFO  | main       | .ncpimpl.IssueThread:102   | not get the issue info ......waiting for next time .160704012
2016-07-04 18:15:06.208 | INFO  | main       | .ncpimpl.IssueThread:102   | not get the issue info ......waiting for next time .160704012
2016-07-04 18:17:06.262 | INFO  | main       | .ncpimpl.IssueThread:102   | not get the issue info ......waiting for next time .160704012
2016-07-04 18:19:06.301 | INFO  | main       | .ncpimpl.IssueThread:102   | not get the issue info ......waiting for next time .160704012
2016-07-04 18:21:06.344 | INFO  | main       | .ncpimpl.IssueThread:102   | not get the issue info ......waiting for next time .160704012
2016-07-04 18:23:06.398 | INFO  | main       | .ncpimpl.IssueThread:102   | not get the issue info ......waiting for next time .160704012
2016-07-04 18:25:06.436 | INFO  | main       | .ncpimpl.IssueThread:102   | not get the issue info ......waiting for next time .160704012
2016-07-04 18:27:06.482 | INFO  | main       | .ncpimpl.IssueThread:102   | not get the issue info ......waiting for next time .160704012
2016-07-04 18:29:06.518 | INFO  | main       | .ncpimpl.IssueThread:102   | not get the issue info ......waiting for next time .160704012
2016-07-04 18:31:06.566 | INFO  | main       | .ncpimpl.IssueThread:102   | not get the issue info ......waiting for next time .160704012
2016-07-04 18:33:06.600 | INFO  | main       | .ncpimpl.IssueThread:102   | not get the issue info ......waiting for next time .160704012
2016-07-04 18:35:06.645 | INFO  | main       | .ncpimpl.IssueThread:102   | not get the issue info ......waiting for next time .160704012
2016-07-04 18:37:06.684 | INFO  | main       | .ncpimpl.IssueThread:102   | not get the issue info ......waiting for next time .160704012
2016-07-04 18:39:06.719 | INFO  | main       | .ncpimpl.IssueThread:102   | not get the issue info ......waiting for next time .160704012
2016-07-04 18:41:06.753 | INFO  | main       | .ncpimpl.IssueThread:102   | not get the issue info ......waiting for next time .160704012
2016-07-04 18:43:06.797 | INFO  | main       | .ncpimpl.IssueThread:102   | not get the issue info ......waiting for next time .160704012
2016-07-04 18:45:06.841 | INFO  | main       | .ncpimpl.IssueThread:102   | not get the issue info ......waiting for next time .160704012
2016-07-04 18:47:06.884 | INFO  | main       | .ncpimpl.IssueThread:102   | not get the issue info ......waiting for next time .160704012
2016-07-04 18:49:06.926 | INFO  | main       | .ncpimpl.IssueThread:102   | not get the issue info ......waiting for next time .160704012
2016-07-04 18:51:06.981 | INFO  | main       | .ncpimpl.IssueThread:102   | not get the issue info ......waiting for next time .160704012
2016-07-04 18:53:07.023 | INFO  | main       | .ncpimpl.IssueThread:102   | not get the issue info ......waiting for next time .160704012
2016-07-04 18:55:07.059 | INFO  | main       | .ncpimpl.IssueThread:102   | not get the issue info ......waiting for next time .160704012
2016-07-04 18:57:07.092 | INFO  | main       | .ncpimpl.IssueThread:102   | not get the issue info ......waiting for next time .160704012
2016-07-04 18:59:07.137 | INFO  | main       | .ncpimpl.IssueThread:102   | not get the issue info ......waiting for next time .160704012
2016-07-04 19:01:07.173 | INFO  | main       | .ncpimpl.IssueThread:102   | not get the issue info ......waiting for next time .160704012
2016-07-04 19:02:07.216 | INFO  | main       | .ncpimpl.IssueThread:96    | get ncp curr issue info success... curr issue :160704012
2016-07-04 19:02:07.216 | INFO  | main       | pl.FaceBookImplement:157   | facebook post feed begin ... 
2016-07-04 19:02:09.686 | INFO  | main       | pl.FaceBookImplement:173   | facebook post feed id (1603887806588551_1615922362051762) ,message is: Lucky 5, issue no. 160704012 ,winning number is:5,11,6,7,3,url = http://kpwlottery.com/index.php/km?issue=160704012&wincode=5,11,6,7,3
2016-07-04 19:02:09.686 | INFO  | main       | .ncpimpl.IssueThread:111   | post curr issue info success ... curr issue :160704012
2016-07-04 19:02:09.686 | INFO  | main       | .ncpimpl.IssueThread:126   | System change curr issue to :160705001
2016-07-04 19:02:09.686 | INFO  | main       | .config.SysParameter:86    | System begin to save key:ncp.startissue
2016-07-04 19:02:09.686 | INFO  | main       | .config.SysParameter:100   | Save Issue Successful. value=160705001
2016-07-04 19:04:09.703 | INFO  | main       | .ncpimpl.IssueThread:73    | todays issue has finished ....next issue ..160705001
2016-07-04 19:06:09.710 | INFO  | main       | .ncpimpl.IssueThread:73    | todays issue has finished ....next issue ..160705001
2016-07-04 19:08:09.712 | INFO  | main       | .ncpimpl.IssueThread:73    | todays issue has finished ....next issue ..160705001
2016-07-04 19:10:09.719 | INFO  | main       | .ncpimpl.IssueThread:73    | todays issue has finished ....next issue ..160705001
2016-07-04 19:12:09.726 | INFO  | main       | .ncpimpl.IssueThread:73    | todays issue has finished ....next issue ..160705001
2016-07-04 19:14:09.727 | INFO  | main       | .ncpimpl.IssueThread:73    | todays issue has finished ....next issue ..160705001
2016-07-04 19:16:09.735 | INFO  | main       | .ncpimpl.IssueThread:73    | todays issue has finished ....next issue ..160705001
2016-07-04 19:18:09.742 | INFO  | main       | .ncpimpl.IssueThread:73    | todays issue has finished ....next issue ..160705001
2016-07-04 19:20:09.749 | INFO  | main       | .ncpimpl.IssueThread:73    | todays issue has finished ....next issue ..160705001
2016-07-04 19:22:09.756 | INFO  | main       | .ncpimpl.IssueThread:73    | todays issue has finished ....next issue ..160705001
2016-07-04 19:24:09.768 | INFO  | main       | .ncpimpl.IssueThread:73    | todays issue has finished ....next issue ..160705001
2016-07-04 19:26:09.778 | INFO  | main       | .ncpimpl.IssueThread:73    | todays issue has finished ....next issue ..160705001
2016-07-04 19:28:09.786 | INFO  | main       | .ncpimpl.IssueThread:73    | todays issue has finished ....next issue ..160705001
2016-07-04 19:30:09.791 | INFO  | main       | .ncpimpl.IssueThread:73    | todays issue has finished ....next issue ..160705001
2016-07-04 19:32:09.792 | INFO  | main       | .ncpimpl.IssueThread:73    | todays issue has finished ....next issue ..160705001
2016-07-04 19:34:09.801 | INFO  | main       | .ncpimpl.IssueThread:73    | todays issue has finished ....next issue ..160705001
2016-07-04 19:36:09.810 | INFO  | main       | .ncpimpl.IssueThread:73    | todays issue has finished ....next issue ..160705001
2016-07-04 19:38:09.817 | INFO  | main       | .ncpimpl.IssueThread:73    | todays issue has finished ....next issue ..160705001
2016-07-04 19:40:09.820 | INFO  | main       | .ncpimpl.IssueThread:73    | todays issue has finished ....next issue ..160705001
2016-07-04 19:42:09.830 | INFO  | main       | .ncpimpl.IssueThread:73    | todays issue has finished ....next issue ..160705001
2016-07-04 19:44:09.844 | INFO  | main       | .ncpimpl.IssueThread:73    | todays issue has finished ....next issue ..160705001
2016-07-04 19:46:09.856 | INFO  | main       | .ncpimpl.IssueThread:73    | todays issue has finished ....next issue ..160705001
2016-07-04 19:48:09.873 | INFO  | main       | .ncpimpl.IssueThread:73    | todays issue has finished ....next issue ..160705001
2016-07-04 19:50:09.884 | INFO  | main       | .ncpimpl.IssueThread:73    | todays issue has finished ....next issue ..160705001
2016-07-04 19:52:09.888 | INFO  | main       | .ncpimpl.IssueThread:73    | todays issue has finished ....next issue ..160705001
2016-07-04 19:54:09.898 | INFO  | main       | .ncpimpl.IssueThread:73    | todays issue has finished ....next issue ..160705001
2016-07-04 19:56:09.909 | INFO  | main       | .ncpimpl.IssueThread:73    | todays issue has finished ....next issue ..160705001
2016-07-04 19:58:09.918 | INFO  | main       | .ncpimpl.IssueThread:73    | todays issue has finished ....next issue ..160705001
2016-07-04 20:00:09.933 | INFO  | main       | .ncpimpl.IssueThread:73    | todays issue has finished ....next issue ..160705001
2016-07-04 20:02:09.946 | INFO  | main       | .ncpimpl.IssueThread:73    | todays issue has finished ....next issue ..160705001
2016-07-04 20:04:09.950 | INFO  | main       | .ncpimpl.IssueThread:73    | todays issue has finished ....next issue ..160705001
2016-07-04 20:06:09.965 | INFO  | main       | .ncpimpl.IssueThread:73    | todays issue has finished ....next issue ..160705001
2016-07-04 20:08:10.035 | INFO  | main       | .ncpimpl.IssueThread:73    | todays issue has finished ....next issue ..160705001
2016-07-04 20:10:10.043 | INFO  | main       | .ncpimpl.IssueThread:73    | todays issue has finished ....next issue ..160705001
2016-07-04 20:12:10.052 | INFO  | main       | .ncpimpl.IssueThread:73    | todays issue has finished ....next issue ..160705001
2016-07-04 20:14:10.060 | INFO  | main       | .ncpimpl.IssueThread:73    | todays issue has finished ....next issue ..160705001
2016-07-04 20:16:10.062 | INFO  | main       | .ncpimpl.IssueThread:73    | todays issue has finished ....next issue ..160705001
2016-07-04 20:18:10.070 | INFO  | main       | .ncpimpl.IssueThread:73    | todays issue has finished ....next issue ..160705001
2016-07-04 20:20:10.072 | INFO  | main       | .ncpimpl.IssueThread:73    | todays issue has finished ....next issue ..160705001
2016-07-04 20:22:10.087 | INFO  | main       | .ncpimpl.IssueThread:73    | todays issue has finished ....next issue ..160705001
2016-07-04 20:24:10.099 | INFO  | main       | .ncpimpl.IssueThread:73    | todays issue has finished ....next issue ..160705001
2016-07-04 20:26:10.114 | INFO  | main       | .ncpimpl.IssueThread:73    | todays issue has finished ....next issue ..160705001
2016-07-04 20:28:10.123 | INFO  | main       | .ncpimpl.IssueThread:73    | todays issue has finished ....next issue ..160705001
2016-07-04 20:30:10.138 | INFO  | main       | .ncpimpl.IssueThread:73    | todays issue has finished ....next issue ..160705001
2016-07-04 20:32:10.143 | INFO  | main       | .ncpimpl.IssueThread:73    | todays issue has finished ....next issue ..160705001
2016-07-04 20:34:10.148 | INFO  | main       | .ncpimpl.IssueThread:73    | todays issue has finished ....next issue ..160705001
2016-07-04 20:36:10.158 | INFO  | main       | .ncpimpl.IssueThread:73    | todays issue has finished ....next issue ..160705001
2016-07-04 20:38:10.166 | INFO  | main       | .ncpimpl.IssueThread:73    | todays issue has finished ....next issue ..160705001
2016-07-04 20:40:10.176 | INFO  | main       | .ncpimpl.IssueThread:73    | todays issue has finished ....next issue ..160705001
2016-07-04 20:42:10.210 | INFO  | main       | .ncpimpl.IssueThread:73    | todays issue has finished ....next issue ..160705001
2016-07-04 20:44:10.225 | INFO  | main       | .ncpimpl.IssueThread:73    | todays issue has finished ....next issue ..160705001
2016-07-04 20:46:10.245 | INFO  | main       | .ncpimpl.IssueThread:73    | todays issue has finished ....next issue ..160705001
2016-07-04 20:48:10.261 | INFO  | main       | .ncpimpl.IssueThread:73    | todays issue has finished ....next issue ..160705001
2016-07-04 20:50:10.267 | INFO  | main       | .ncpimpl.IssueThread:73    | todays issue has finished ....next issue ..160705001
2016-07-04 20:52:10.275 | INFO  | main       | .ncpimpl.IssueThread:73    | todays issue has finished ....next issue ..160705001
2016-07-04 20:54:10.284 | INFO  | main       | .ncpimpl.IssueThread:73    | todays issue has finished ....next issue ..160705001
2016-07-04 20:56:10.293 | INFO  | main       | .ncpimpl.IssueThread:73    | todays issue has finished ....next issue ..160705001
2016-07-04 20:58:10.300 | INFO  | main       | .ncpimpl.IssueThread:73    | todays issue has finished ....next issue ..160705001
2016-07-04 21:00:10.301 | INFO  | main       | .ncpimpl.IssueThread:73    | todays issue has finished ....next issue ..160705001
2016-07-04 21:02:10.306 | INFO  | main       | .ncpimpl.IssueThread:73    | todays issue has finished ....next issue ..160705001
2016-07-04 21:04:10.317 | INFO  | main       | .ncpimpl.IssueThread:73    | todays issue has finished ....next issue ..160705001
2016-07-04 21:06:10.326 | INFO  | main       | .ncpimpl.IssueThread:73    | todays issue has finished ....next issue ..160705001
2016-07-04 21:08:10.333 | INFO  | main       | .ncpimpl.IssueThread:73    | todays issue has finished ....next issue ..160705001
2016-07-04 21:10:10.340 | INFO  | main       | .ncpimpl.IssueThread:73    | todays issue has finished ....next issue ..160705001
2016-07-04 21:12:10.350 | INFO  | main       | .ncpimpl.IssueThread:73    | todays issue has finished ....next issue ..160705001
2016-07-04 21:14:10.354 | INFO  | main       | .ncpimpl.IssueThread:73    | todays issue has finished ....next issue ..160705001
2016-07-04 21:16:10.370 | INFO  | main       | .ncpimpl.IssueThread:73    | todays issue has finished ....next issue ..160705001
2016-07-04 21:18:10.376 | INFO  | main       | .ncpimpl.IssueThread:73    | todays issue has finished ....next issue ..160705001
2016-07-04 21:20:10.386 | INFO  | main       | .ncpimpl.IssueThread:73    | todays issue has finished ....next issue ..160705001
2016-07-04 21:22:10.392 | INFO  | main       | .ncpimpl.IssueThread:73    | todays issue has finished ....next issue ..160705001
2016-07-04 21:24:10.402 | INFO  | main       | .ncpimpl.IssueThread:73    | todays issue has finished ....next issue ..160705001
2016-07-04 21:26:10.419 | INFO  | main       | .ncpimpl.IssueThread:73    | todays issue has finished ....next issue ..160705001
2016-07-04 21:28:10.433 | INFO  | main       | .ncpimpl.IssueThread:73    | todays issue has finished ....next issue ..160705001
2016-07-04 21:30:10.437 | INFO  | main       | .ncpimpl.IssueThread:73    | todays issue has finished ....next issue ..160705001
2016-07-04 21:32:10.448 | INFO  | main       | .ncpimpl.IssueThread:73    | todays issue has finished ....next issue ..160705001
2016-07-04 21:34:10.459 | INFO  | main       | .ncpimpl.IssueThread:73    | todays issue has finished ....next issue ..160705001
2016-07-04 21:36:10.462 | INFO  | main       | .ncpimpl.IssueThread:73    | todays issue has finished ....next issue ..160705001
2016-07-04 21:38:10.476 | INFO  | main       | .ncpimpl.IssueThread:73    | todays issue has finished ....next issue ..160705001
2016-07-04 21:40:10.478 | INFO  | main       | .ncpimpl.IssueThread:73    | todays issue has finished ....next issue ..160705001
2016-07-04 21:42:10.494 | INFO  | main       | .ncpimpl.IssueThread:73    | todays issue has finished ....next issue ..160705001
2016-07-04 21:44:10.496 | INFO  | main       | .ncpimpl.IssueThread:73    | todays issue has finished ....next issue ..160705001
2016-07-04 21:46:10.500 | INFO  | main       | .ncpimpl.IssueThread:73    | todays issue has finished ....next issue ..160705001
2016-07-04 21:48:10.509 | INFO  | main       | .ncpimpl.IssueThread:73    | todays issue has finished ....next issue ..160705001
2016-07-04 21:50:10.523 | INFO  | main       | .ncpimpl.IssueThread:73    | todays issue has finished ....next issue ..160705001
2016-07-04 21:52:10.532 | INFO  | main       | .ncpimpl.IssueThread:73    | todays issue has finished ....next issue ..160705001
2016-07-04 21:54:10.541 | INFO  | main       | .ncpimpl.IssueThread:73    | todays issue has finished ....next issue ..160705001
2016-07-04 21:56:10.541 | INFO  | main       | .ncpimpl.IssueThread:73    | todays issue has finished ....next issue ..160705001
2016-07-04 21:58:10.547 | INFO  | main       | .ncpimpl.IssueThread:73    | todays issue has finished ....next issue ..160705001
2016-07-04 22:00:10.564 | INFO  | main       | .ncpimpl.IssueThread:73    | todays issue has finished ....next issue ..160705001
2016-07-04 22:02:10.581 | INFO  | main       | .ncpimpl.IssueThread:73    | todays issue has finished ....next issue ..160705001
2016-07-04 22:04:10.589 | INFO  | main       | .ncpimpl.IssueThread:73    | todays issue has finished ....next issue ..160705001
2016-07-04 22:06:10.592 | INFO  | main       | .ncpimpl.IssueThread:73    | todays issue has finished ....next issue ..160705001
2016-07-04 22:08:10.595 | INFO  | main       | .ncpimpl.IssueThread:73    | todays issue has finished ....next issue ..160705001
2016-07-04 22:10:10.605 | INFO  | main       | .ncpimpl.IssueThread:73    | todays issue has finished ....next issue ..160705001
2016-07-04 22:12:10.619 | INFO  | main       | .ncpimpl.IssueThread:73    | todays issue has finished ....next issue ..160705001
2016-07-04 22:14:10.630 | INFO  | main       | .ncpimpl.IssueThread:73    | todays issue has finished ....next issue ..160705001
2016-07-04 22:16:10.636 | INFO  | main       | .ncpimpl.IssueThread:73    | todays issue has finished ....next issue ..160705001
2016-07-04 22:18:10.647 | INFO  | main       | .ncpimpl.IssueThread:73    | todays issue has finished ....next issue ..160705001
2016-07-04 22:20:10.647 | INFO  | main       | .ncpimpl.IssueThread:73    | todays issue has finished ....next issue ..160705001
2016-07-04 22:22:10.655 | INFO  | main       | .ncpimpl.IssueThread:73    | todays issue has finished ....next issue ..160705001
2016-07-04 22:24:10.671 | INFO  | main       | .ncpimpl.IssueThread:73    | todays issue has finished ....next issue ..160705001
2016-07-04 22:26:10.672 | INFO  | main       | .ncpimpl.IssueThread:73    | todays issue has finished ....next issue ..160705001
2016-07-04 22:28:10.679 | INFO  | main       | .ncpimpl.IssueThread:73    | todays issue has finished ....next issue ..160705001
2016-07-04 22:30:10.680 | INFO  | main       | .ncpimpl.IssueThread:73    | todays issue has finished ....next issue ..160705001
2016-07-04 22:32:10.689 | INFO  | main       | .ncpimpl.IssueThread:73    | todays issue has finished ....next issue ..160705001
2016-07-04 22:34:10.701 | INFO  | main       | .ncpimpl.IssueThread:73    | todays issue has finished ....next issue ..160705001
2016-07-04 22:36:10.707 | INFO  | main       | .ncpimpl.IssueThread:73    | todays issue has finished ....next issue ..160705001
2016-07-04 22:38:10.712 | INFO  | main       | .ncpimpl.IssueThread:73    | todays issue has finished ....next issue ..160705001
2016-07-04 22:40:10.721 | INFO  | main       | .ncpimpl.IssueThread:73    | todays issue has finished ....next issue ..160705001
2016-07-04 22:42:10.733 | INFO  | main       | .ncpimpl.IssueThread:73    | todays issue has finished ....next issue ..160705001
2016-07-04 22:44:10.748 | INFO  | main       | .ncpimpl.IssueThread:73    | todays issue has finished ....next issue ..160705001
2016-07-04 22:46:10.765 | INFO  | main       | .ncpimpl.IssueThread:73    | todays issue has finished ....next issue ..160705001
2016-07-04 22:48:10.775 | INFO  | main       | .ncpimpl.IssueThread:73    | todays issue has finished ....next issue ..160705001
2016-07-04 22:50:10.779 | INFO  | main       | .ncpimpl.IssueThread:73    | todays issue has finished ....next issue ..160705001
2016-07-04 22:52:10.792 | INFO  | main       | .ncpimpl.IssueThread:73    | todays issue has finished ....next issue ..160705001
2016-07-04 22:54:10.805 | INFO  | main       | .ncpimpl.IssueThread:73    | todays issue has finished ....next issue ..160705001
2016-07-04 22:56:10.815 | INFO  | main       | .ncpimpl.IssueThread:73    | todays issue has finished ....next issue ..160705001
2016-07-04 22:58:10.823 | INFO  | main       | .ncpimpl.IssueThread:73    | todays issue has finished ....next issue ..160705001
2016-07-04 23:00:10.881 | INFO  | main       | .ncpimpl.IssueThread:73    | todays issue has finished ....next issue ..160705001
2016-07-04 23:02:10.885 | INFO  | main       | .ncpimpl.IssueThread:73    | todays issue has finished ....next issue ..160705001
2016-07-04 23:04:10.901 | INFO  | main       | .ncpimpl.IssueThread:73    | todays issue has finished ....next issue ..160705001
2016-07-04 23:06:10.902 | INFO  | main       | .ncpimpl.IssueThread:73    | todays issue has finished ....next issue ..160705001
2016-07-04 23:08:10.911 | INFO  | main       | .ncpimpl.IssueThread:73    | todays issue has finished ....next issue ..160705001
2016-07-04 23:10:10.921 | INFO  | main       | .ncpimpl.IssueThread:73    | todays issue has finished ....next issue ..160705001
2016-07-04 23:12:10.930 | INFO  | main       | .ncpimpl.IssueThread:73    | todays issue has finished ....next issue ..160705001
2016-07-04 23:14:10.934 | INFO  | main       | .ncpimpl.IssueThread:73    | todays issue has finished ....next issue ..160705001
2016-07-04 23:16:10.944 | INFO  | main       | .ncpimpl.IssueThread:73    | todays issue has finished ....next issue ..160705001
2016-07-04 23:18:10.950 | INFO  | main       | .ncpimpl.IssueThread:73    | todays issue has finished ....next issue ..160705001
2016-07-04 23:20:10.959 | INFO  | main       | .ncpimpl.IssueThread:73    | todays issue has finished ....next issue ..160705001
2016-07-04 23:22:10.970 | INFO  | main       | .ncpimpl.IssueThread:73    | todays issue has finished ....next issue ..160705001
2016-07-04 23:24:10.983 | INFO  | main       | .ncpimpl.IssueThread:73    | todays issue has finished ....next issue ..160705001
2016-07-04 23:26:10.989 | INFO  | main       | .ncpimpl.IssueThread:73    | todays issue has finished ....next issue ..160705001
2016-07-04 23:28:11.000 | INFO  | main       | .ncpimpl.IssueThread:73    | todays issue has finished ....next issue ..160705001
2016-07-04 23:30:11.012 | INFO  | main       | .ncpimpl.IssueThread:73    | todays issue has finished ....next issue ..160705001
2016-07-04 23:32:11.013 | INFO  | main       | .ncpimpl.IssueThread:73    | todays issue has finished ....next issue ..160705001
2016-07-04 23:34:11.024 | INFO  | main       | .ncpimpl.IssueThread:73    | todays issue has finished ....next issue ..160705001
2016-07-04 23:36:11.031 | INFO  | main       | .ncpimpl.IssueThread:73    | todays issue has finished ....next issue ..160705001
2016-07-04 23:38:11.036 | INFO  | main       | .ncpimpl.IssueThread:73    | todays issue has finished ....next issue ..160705001
2016-07-04 23:40:11.052 | INFO  | main       | .ncpimpl.IssueThread:73    | todays issue has finished ....next issue ..160705001
2016-07-04 23:42:11.068 | INFO  | main       | .ncpimpl.IssueThread:73    | todays issue has finished ....next issue ..160705001
2016-07-04 23:44:11.082 | INFO  | main       | .ncpimpl.IssueThread:73    | todays issue has finished ....next issue ..160705001
2016-07-04 23:46:11.090 | INFO  | main       | .ncpimpl.IssueThread:73    | todays issue has finished ....next issue ..160705001
2016-07-04 23:48:11.097 | INFO  | main       | .ncpimpl.IssueThread:73    | todays issue has finished ....next issue ..160705001
2016-07-04 23:50:11.110 | INFO  | main       | .ncpimpl.IssueThread:73    | todays issue has finished ....next issue ..160705001
2016-07-04 23:52:11.117 | INFO  | main       | .ncpimpl.IssueThread:73    | todays issue has finished ....next issue ..160705001
2016-07-04 23:54:11.130 | INFO  | main       | .ncpimpl.IssueThread:73    | todays issue has finished ....next issue ..160705001
2016-07-04 23:56:11.147 | INFO  | main       | .ncpimpl.IssueThread:73    | todays issue has finished ....next issue ..160705001
2016-07-04 23:58:11.161 | INFO  | main       | .ncpimpl.IssueThread:73    | todays issue has finished ....next issue ..160705001
